{"/home/travis/build/npmtest/node-npmtest-cron-parser/test.js":{"path":"/home/travis/build/npmtest/node-npmtest-cron-parser/test.js","s":{"1":2,"2":2,"3":2,"4":2,"5":2,"6":2,"7":2,"8":1,"9":2,"10":2,"11":1,"12":1,"13":1,"14":1,"15":2,"16":2,"17":2,"18":2,"19":1,"20":1,"21":2,"22":2,"23":2,"24":1,"25":1,"26":1,"27":1,"28":1,"29":1,"30":1,"31":1,"32":1,"33":1,"34":1,"35":1,"36":1,"37":1,"38":1,"39":2,"40":2,"41":1,"42":2,"43":2,"44":1,"45":2,"46":2,"47":1,"48":2,"49":2,"50":1,"51":1,"52":1,"53":1,"54":1},"b":{"1":[2,1,1,1],"2":[1,1,1,1],"3":[1,1],"4":[1,1],"5":[1,1],"6":[1,1],"7":[1,1],"8":[1,1],"9":[1,1],"10":[1,1,1],"11":[1,1],"12":[1,1],"13":[1,1],"14":[1,1],"15":[1,1],"16":[1,1],"17":[1,1]},"f":{"1":2,"2":2,"3":2,"4":2,"5":2,"6":1,"7":1,"8":1,"9":2,"10":2,"11":2,"12":2,"13":1},"fnMap":{"1":{"name":"(anonymous_1)","line":12,"loc":{"start":{"line":12,"column":1},"end":{"line":12,"column":13}}},"2":{"name":"(anonymous_2)","line":19,"loc":{"start":{"line":19,"column":5},"end":{"line":19,"column":17}}},"3":{"name":"(anonymous_3)","line":23,"loc":{"start":{"line":23,"column":24},"end":{"line":23,"column":36}}},"4":{"name":"(anonymous_4)","line":61,"loc":{"start":{"line":61,"column":5},"end":{"line":61,"column":17}}},"5":{"name":"(anonymous_5)","line":82,"loc":{"start":{"line":82,"column":5},"end":{"line":82,"column":17}}},"6":{"name":"(anonymous_6)","line":91,"loc":{"start":{"line":91,"column":77},"end":{"line":94,"column":10}}},"7":{"name":"(anonymous_7)","line":112,"loc":{"start":{"line":112,"column":83},"end":{"line":115,"column":10}},"skip":true},"8":{"name":"(anonymous_8)","line":123,"loc":{"start":{"line":123,"column":77},"end":{"line":126,"column":10}},"skip":true},"9":{"name":"(anonymous_9)","line":139,"loc":{"start":{"line":139,"column":12},"end":{"line":139,"column":40}},"skip":true},"10":{"name":"(anonymous_10)","line":147,"loc":{"start":{"line":147,"column":77},"end":{"line":150,"column":10}},"skip":true},"11":{"name":"(anonymous_11)","line":158,"loc":{"start":{"line":158,"column":83},"end":{"line":161,"column":10}},"skip":true},"12":{"name":"(anonymous_12)","line":169,"loc":{"start":{"line":169,"column":79},"end":{"line":172,"column":10}},"skip":true},"13":{"name":"(anonymous_13)","line":180,"loc":{"start":{"line":180,"column":75},"end":{"line":183,"column":10}},"skip":true}},"statementMap":{"1":{"start":{"line":12,"column":0},"end":{"line":195,"column":5}},"2":{"start":{"line":14,"column":4},"end":{"line":14,"column":14}},"3":{"start":{"line":19,"column":4},"end":{"line":56,"column":9}},"4":{"start":{"line":21,"column":8},"end":{"line":21,"column":19}},"5":{"start":{"line":23,"column":8},"end":{"line":35,"column":13}},"6":{"start":{"line":24,"column":12},"end":{"line":34,"column":13}},"7":{"start":{"line":25,"column":16},"end":{"line":28,"column":30}},"8":{"start":{"line":30,"column":16},"end":{"line":33,"column":27}},"9":{"start":{"line":37,"column":8},"end":{"line":39,"column":21}},"10":{"start":{"line":40,"column":8},"end":{"line":53,"column":9}},"11":{"start":{"line":43,"column":12},"end":{"line":46,"column":14}},"12":{"start":{"line":47,"column":12},"end":{"line":47,"column":18}},"13":{"start":{"line":50,"column":12},"end":{"line":51,"column":33}},"14":{"start":{"line":52,"column":12},"end":{"line":52,"column":18}},"15":{"start":{"line":55,"column":8},"end":{"line":55,"column":35}},"16":{"start":{"line":61,"column":4},"end":{"line":63,"column":9}},"17":{"start":{"line":62,"column":8},"end":{"line":62,"column":15}},"18":{"start":{"line":64,"column":4},"end":{"line":77,"column":5}},"19":{"start":{"line":70,"column":8},"end":{"line":70,"column":14}},"20":{"start":{"line":76,"column":8},"end":{"line":76,"column":14}},"21":{"start":{"line":82,"column":4},"end":{"line":84,"column":9}},"22":{"start":{"line":83,"column":8},"end":{"line":83,"column":15}},"23":{"start":{"line":85,"column":4},"end":{"line":194,"column":5}},"24":{"start":{"line":91,"column":8},"end":{"line":99,"column":10}},"25":{"start":{"line":98,"column":12},"end":{"line":98,"column":35}},"26":{"start":{"line":102,"column":8},"end":{"line":104,"column":63}},"27":{"start":{"line":105,"column":8},"end":{"line":105,"column":14}},"28":{"start":{"line":112,"column":8},"end":{"line":121,"column":10},"skip":true},"29":{"start":{"line":119,"column":12},"end":{"line":119,"column":55},"skip":true},"30":{"start":{"line":120,"column":12},"end":{"line":120,"column":48},"skip":true},"31":{"start":{"line":123,"column":8},"end":{"line":136,"column":10},"skip":true},"32":{"start":{"line":130,"column":12},"end":{"line":130,"column":76},"skip":true},"33":{"start":{"line":131,"column":12},"end":{"line":131,"column":73},"skip":true},"34":{"start":{"line":132,"column":12},"end":{"line":132,"column":74},"skip":true},"35":{"start":{"line":133,"column":12},"end":{"line":133,"column":79},"skip":true},"36":{"start":{"line":134,"column":12},"end":{"line":134,"column":25},"skip":true},"37":{"start":{"line":135,"column":12},"end":{"line":135,"column":45},"skip":true},"38":{"start":{"line":138,"column":8},"end":{"line":145,"column":14},"skip":true},"39":{"start":{"line":143,"column":16},"end":{"line":143,"column":29},"skip":true},"40":{"start":{"line":144,"column":16},"end":{"line":144,"column":55},"skip":true},"41":{"start":{"line":147,"column":8},"end":{"line":156,"column":10},"skip":true},"42":{"start":{"line":154,"column":12},"end":{"line":154,"column":25},"skip":true},"43":{"start":{"line":155,"column":12},"end":{"line":155,"column":45},"skip":true},"44":{"start":{"line":158,"column":8},"end":{"line":167,"column":10},"skip":true},"45":{"start":{"line":165,"column":12},"end":{"line":165,"column":25},"skip":true},"46":{"start":{"line":166,"column":12},"end":{"line":166,"column":48},"skip":true},"47":{"start":{"line":169,"column":8},"end":{"line":178,"column":10},"skip":true},"48":{"start":{"line":176,"column":12},"end":{"line":176,"column":25},"skip":true},"49":{"start":{"line":177,"column":12},"end":{"line":177,"column":46},"skip":true},"50":{"start":{"line":180,"column":8},"end":{"line":189,"column":10},"skip":true},"51":{"start":{"line":187,"column":12},"end":{"line":187,"column":94},"skip":true},"52":{"start":{"line":188,"column":12},"end":{"line":188,"column":48},"skip":true},"53":{"start":{"line":192,"column":8},"end":{"line":192,"column":35},"skip":true},"54":{"start":{"line":193,"column":8},"end":{"line":193,"column":14},"skip":true}},"branchMap":{"1":{"line":25,"type":"binary-expr","locations":[{"start":{"line":25,"column":23},"end":{"line":25,"column":62}},{"start":{"line":26,"column":20},"end":{"line":26,"column":70}},{"start":{"line":27,"column":20},"end":{"line":27,"column":71}},{"start":{"line":28,"column":20},"end":{"line":28,"column":29}}]},"2":{"line":30,"type":"binary-expr","locations":[{"start":{"line":30,"column":23},"end":{"line":30,"column":37}},{"start":{"line":31,"column":20},"end":{"line":31,"column":61}},{"start":{"line":32,"column":20},"end":{"line":32,"column":70}},{"start":{"line":33,"column":20},"end":{"line":33,"column":26}}]},"3":{"line":37,"type":"cond-expr","locations":[{"start":{"line":38,"column":14},"end":{"line":38,"column":20}},{"start":{"line":39,"column":14},"end":{"line":39,"column":20}}]},"4":{"line":40,"type":"switch","locations":[{"start":{"line":42,"column":8},"end":{"line":47,"column":18}},{"start":{"line":49,"column":8},"end":{"line":52,"column":18}}]},"5":{"line":44,"type":"binary-expr","locations":[{"start":{"line":44,"column":16},"end":{"line":44,"column":44}},{"start":{"line":44,"column":48},"end":{"line":44,"column":66}}]},"6":{"line":50,"type":"binary-expr","locations":[{"start":{"line":50,"column":21},"end":{"line":50,"column":49}},{"start":{"line":50,"column":53},"end":{"line":50,"column":72}}]},"7":{"line":64,"type":"switch","locations":[{"start":{"line":69,"column":4},"end":{"line":70,"column":14}},{"start":{"line":75,"column":4},"end":{"line":76,"column":14}}]},"8":{"line":85,"type":"switch","locations":[{"start":{"line":90,"column":4},"end":{"line":105,"column":14}},{"start":{"line":111,"column":4},"end":{"line":193,"column":14},"skip":true}]},"9":{"line":91,"type":"binary-expr","locations":[{"start":{"line":91,"column":42},"end":{"line":91,"column":73}},{"start":{"line":91,"column":77},"end":{"line":99,"column":9}}]},"10":{"line":102,"type":"binary-expr","locations":[{"start":{"line":102,"column":18},"end":{"line":102,"column":32}},{"start":{"line":103,"column":12},"end":{"line":103,"column":53}},{"start":{"line":104,"column":12},"end":{"line":104,"column":61}}]},"11":{"line":112,"type":"binary-expr","locations":[{"start":{"line":112,"column":45},"end":{"line":112,"column":79},"skip":true},{"start":{"line":112,"column":83},"end":{"line":121,"column":9},"skip":true}]},"12":{"line":123,"type":"binary-expr","locations":[{"start":{"line":123,"column":42},"end":{"line":123,"column":73},"skip":true},{"start":{"line":123,"column":77},"end":{"line":136,"column":9},"skip":true}]},"13":{"line":138,"type":"binary-expr","locations":[{"start":{"line":138,"column":48},"end":{"line":138,"column":85},"skip":true},{"start":{"line":139,"column":12},"end":{"line":145,"column":13},"skip":true}]},"14":{"line":147,"type":"binary-expr","locations":[{"start":{"line":147,"column":42},"end":{"line":147,"column":73},"skip":true},{"start":{"line":147,"column":77},"end":{"line":156,"column":9},"skip":true}]},"15":{"line":158,"type":"binary-expr","locations":[{"start":{"line":158,"column":45},"end":{"line":158,"column":79},"skip":true},{"start":{"line":158,"column":83},"end":{"line":167,"column":9},"skip":true}]},"16":{"line":169,"type":"binary-expr","locations":[{"start":{"line":169,"column":43},"end":{"line":169,"column":75},"skip":true},{"start":{"line":169,"column":79},"end":{"line":178,"column":9},"skip":true}]},"17":{"line":180,"type":"binary-expr","locations":[{"start":{"line":180,"column":41},"end":{"line":180,"column":71},"skip":true},{"start":{"line":180,"column":75},"end":{"line":189,"column":9},"skip":true}]}},"code":["/* istanbul instrument in package npmtest_cron_parser */","/*jslint","    bitwise: true,","    browser: true,","    maxerr: 8,","    maxlen: 96,","    node: true,","    nomen: true,","    regexp: true,","    stupid: true","*/","(function () {","    'use strict';","    var local;","","","","    // run shared js-env code - init-before","    (function () {","        // init local","        local = {};","        // init modeJs","        local.modeJs = (function () {","            try {","                return typeof navigator.userAgent === 'string' &&","                    typeof document.querySelector('body') === 'object' &&","                    typeof XMLHttpRequest.prototype.open === 'function' &&","                    'browser';","            } catch (errorCaughtBrowser) {","                return module.exports &&","                    typeof process.versions.node === 'string' &&","                    typeof require('http').createServer === 'function' &&","                    'node';","            }","        }());","        // init global","        local.global = local.modeJs === 'browser'","            ? window","            : global;","        switch (local.modeJs) {","        // re-init local from window.local","        case 'browser':","            local = local.global.utility2.objectSetDefault(","                local.global.utility2_rollup || local.global.local,","                local.global.utility2","            );","            break;","        // re-init local from example.js","        case 'node':","            local = (local.global.utility2_rollup || require('utility2'))","                .requireReadme();","            break;","        }","        // export local","        local.global.local = local;","    }());","","","","    // run shared js-env code - function","    (function () {","        return;","    }());","    switch (local.modeJs) {","","","","    // run browser js-env code - function","    case 'browser':","        break;","","","","    // run node js-env code - function","    case 'node':","        break;","    }","","","","    // run shared js-env code - init-after","    (function () {","        return;","    }());","    switch (local.modeJs) {","","","","    // run browser js-env code - init-after","    case 'browser':","        local.testCase_browser_nullCase = local.testCase_browser_nullCase || function (","            options,","            onError","        ) {","        /*","         * this function will test browsers's null-case handling-behavior-behavior","         */","            onError(null, options);","        };","","        // run tests","        local.nop(local.modeTest &&","            document.querySelector('#testRunButton1') &&","            document.querySelector('#testRunButton1').click());","        break;","","","","    // run node js-env code - init-after","    /* istanbul ignore next */","    case 'node':","        local.testCase_buildApidoc_default = local.testCase_buildApidoc_default || function (","            options,","            onError","        ) {","        /*","         * this function will test buildApidoc's default handling-behavior-behavior","         */","            options = { modulePathList: module.paths };","            local.buildApidoc(options, onError);","        };","","        local.testCase_buildApp_default = local.testCase_buildApp_default || function (","            options,","            onError","        ) {","        /*","         * this function will test buildApp's default handling-behavior-behavior","         */","            local.testCase_buildReadme_default(options, local.onErrorThrow);","            local.testCase_buildLib_default(options, local.onErrorThrow);","            local.testCase_buildTest_default(options, local.onErrorThrow);","            local.testCase_buildCustomOrg_default(options, local.onErrorThrow);","            options = [];","            local.buildApp(options, onError);","        };","","        local.testCase_buildCustomOrg_default = local.testCase_buildCustomOrg_default ||","            function (options, onError) {","            /*","             * this function will test buildCustomOrg's default handling-behavior","             */","                options = {};","                local.buildCustomOrg(options, onError);","            };","","        local.testCase_buildLib_default = local.testCase_buildLib_default || function (","            options,","            onError","        ) {","        /*","         * this function will test buildLib's default handling-behavior","         */","            options = {};","            local.buildLib(options, onError);","        };","","        local.testCase_buildReadme_default = local.testCase_buildReadme_default || function (","            options,","            onError","        ) {","        /*","         * this function will test buildReadme's default handling-behavior-behavior","         */","            options = {};","            local.buildReadme(options, onError);","        };","","        local.testCase_buildTest_default = local.testCase_buildTest_default || function (","            options,","            onError","        ) {","        /*","         * this function will test buildTest's default handling-behavior","         */","            options = {};","            local.buildTest(options, onError);","        };","","        local.testCase_webpage_default = local.testCase_webpage_default || function (","            options,","            onError","        ) {","        /*","         * this function will test webpage's default handling-behavior","         */","            options = { modeCoverageMerge: true, url: local.serverLocalHost + '?modeTest=1' };","            local.browserTest(options, onError);","        };","","        // run test-server","        local.testRunServer(local);","        break;","    }","}());",""],"l":{"12":2,"14":2,"19":2,"21":2,"23":2,"24":2,"25":2,"30":1,"37":2,"40":2,"43":1,"47":1,"50":1,"52":1,"55":2,"61":2,"62":2,"64":2,"70":1,"76":1,"82":2,"83":2,"85":2,"91":1,"98":1,"102":1,"105":1,"112":1,"119":1,"120":1,"123":1,"130":1,"131":1,"132":1,"133":1,"134":1,"135":1,"138":1,"143":2,"144":2,"147":1,"154":2,"155":2,"158":1,"165":2,"166":2,"169":1,"176":2,"177":2,"180":1,"187":1,"188":1,"192":1,"193":1}},"/home/travis/build/npmtest/node-npmtest-cron-parser/lib.npmtest_cron_parser.js":{"path":"/home/travis/build/npmtest/node-npmtest-cron-parser/lib.npmtest_cron_parser.js","s":{"1":2,"2":2,"3":2,"4":2,"5":2,"6":2,"7":2,"8":1,"9":2,"10":2,"11":2,"12":2,"13":1,"14":1,"15":1,"16":1},"b":{"1":[2,1,1,1],"2":[1,1,1,1],"3":[1,1],"4":[2,2],"5":[1,1]},"f":{"1":2,"2":2,"3":2},"fnMap":{"1":{"name":"(anonymous_1)","line":12,"loc":{"start":{"line":12,"column":1},"end":{"line":12,"column":13}}},"2":{"name":"(anonymous_2)","line":19,"loc":{"start":{"line":19,"column":5},"end":{"line":19,"column":17}}},"3":{"name":"(anonymous_3)","line":23,"loc":{"start":{"line":23,"column":24},"end":{"line":23,"column":36}}}},"statementMap":{"1":{"start":{"line":12,"column":0},"end":{"line":53,"column":5}},"2":{"start":{"line":14,"column":4},"end":{"line":14,"column":14}},"3":{"start":{"line":19,"column":4},"end":{"line":52,"column":9}},"4":{"start":{"line":21,"column":8},"end":{"line":21,"column":19}},"5":{"start":{"line":23,"column":8},"end":{"line":35,"column":13}},"6":{"start":{"line":24,"column":12},"end":{"line":34,"column":13}},"7":{"start":{"line":25,"column":16},"end":{"line":28,"column":30}},"8":{"start":{"line":30,"column":16},"end":{"line":33,"column":27}},"9":{"start":{"line":37,"column":8},"end":{"line":39,"column":21}},"10":{"start":{"line":41,"column":8},"end":{"line":41,"column":54}},"11":{"start":{"line":43,"column":8},"end":{"line":43,"column":56}},"12":{"start":{"line":45,"column":8},"end":{"line":51,"column":9}},"13":{"start":{"line":46,"column":12},"end":{"line":46,"column":62}},"14":{"start":{"line":48,"column":12},"end":{"line":48,"column":35}},"15":{"start":{"line":49,"column":12},"end":{"line":49,"column":49}},"16":{"start":{"line":50,"column":12},"end":{"line":50,"column":43}}},"branchMap":{"1":{"line":25,"type":"binary-expr","locations":[{"start":{"line":25,"column":23},"end":{"line":25,"column":62}},{"start":{"line":26,"column":20},"end":{"line":26,"column":70}},{"start":{"line":27,"column":20},"end":{"line":27,"column":71}},{"start":{"line":28,"column":20},"end":{"line":28,"column":29}}]},"2":{"line":30,"type":"binary-expr","locations":[{"start":{"line":30,"column":23},"end":{"line":30,"column":37}},{"start":{"line":31,"column":20},"end":{"line":31,"column":61}},{"start":{"line":32,"column":20},"end":{"line":32,"column":70}},{"start":{"line":33,"column":20},"end":{"line":33,"column":26}}]},"3":{"line":37,"type":"cond-expr","locations":[{"start":{"line":38,"column":14},"end":{"line":38,"column":20}},{"start":{"line":39,"column":14},"end":{"line":39,"column":20}}]},"4":{"line":41,"type":"binary-expr","locations":[{"start":{"line":41,"column":16},"end":{"line":41,"column":44}},{"start":{"line":41,"column":48},"end":{"line":41,"column":53}}]},"5":{"line":45,"type":"if","locations":[{"start":{"line":45,"column":8},"end":{"line":45,"column":8}},{"start":{"line":45,"column":8},"end":{"line":45,"column":8}}]}},"code":["/* istanbul instrument in package npmtest_cron_parser */","/*jslint","    bitwise: true,","    browser: true,","    maxerr: 8,","    maxlen: 96,","    node: true,","    nomen: true,","    regexp: true,","    stupid: true","*/","(function () {","    'use strict';","    var local;","","","","    // run shared js-env code - init-before","    (function () {","        // init local","        local = {};","        // init modeJs","        local.modeJs = (function () {","            try {","                return typeof navigator.userAgent === 'string' &&","                    typeof document.querySelector('body') === 'object' &&","                    typeof XMLHttpRequest.prototype.open === 'function' &&","                    'browser';","            } catch (errorCaughtBrowser) {","                return module.exports &&","                    typeof process.versions.node === 'string' &&","                    typeof require('http').createServer === 'function' &&","                    'node';","            }","        }());","        // init global","        local.global = local.modeJs === 'browser'","            ? window","            : global;","        // init utility2_rollup","        local = local.global.utility2_rollup || local;","        // init lib","        local.local = local.npmtest_cron_parser = local;","        // init exports","        if (local.modeJs === 'browser') {","            local.global.utility2_npmtest_cron_parser = local;","        } else {","            module.exports = local;","            module.exports.__dirname = __dirname;","            module.exports.module = module;","        }","    }());","}());",""],"l":{"12":2,"14":2,"19":2,"21":2,"23":2,"24":2,"25":2,"30":1,"37":2,"41":2,"43":2,"45":2,"46":1,"48":1,"49":1,"50":1}},"/home/travis/build/npmtest/node-npmtest-cron-parser/example.js":{"path":"/home/travis/build/npmtest/node-npmtest-cron-parser/example.js","s":{"1":2,"2":2,"3":2,"4":2,"5":2,"6":2,"7":2,"8":1,"9":2,"10":2,"11":2,"12":2,"13":1,"14":2,"15":2,"16":2,"17":2,"18":2,"19":0,"20":2,"21":1,"22":1,"23":1,"24":1,"25":1,"26":0,"27":0,"28":1,"29":1,"30":2,"31":0,"32":0,"33":0,"34":1,"35":2,"36":2,"37":3,"38":3,"39":3,"40":3,"41":0,"42":3,"43":3,"44":3,"45":1,"46":3,"47":1,"48":1,"49":1,"50":1,"51":1,"52":1,"53":1,"54":1,"55":1,"56":1,"57":0,"58":1,"59":6,"60":6,"61":1,"62":2,"63":0,"64":2,"65":1,"66":1,"67":0,"68":0,"69":0,"70":0,"71":0,"72":0,"73":0,"74":0,"75":0,"76":0,"77":0,"78":0,"79":0,"80":0,"81":0,"82":0,"83":0},"b":{"1":[2,1,1,1],"2":[1,1,1,1],"3":[1,1],"4":[2,2],"5":[1,1],"6":[1,1],"7":[2,0],"8":[2,1,1,1,1,1],"9":[0,2,0],"10":[1,1],"11":[2,1,1],"12":[1,0],"13":[0,2],"14":[2,0,0,0,0,0,0],"15":[0,3],"16":[3,0],"17":[1,1],"18":[0,1],"19":[1,2,0,2],"20":[1,0],"21":[1,1],"22":[0,0],"23":[0,0],"24":[0,0],"25":[0,0],"26":[0,0],"27":[0,0],"28":[0,0]},"f":{"1":2,"2":2,"3":2,"4":2,"5":2,"6":2,"7":3,"8":3,"9":3,"10":1,"11":6,"12":0},"fnMap":{"1":{"name":"(anonymous_1)","line":26,"loc":{"start":{"line":26,"column":1},"end":{"line":26,"column":13}}},"2":{"name":"(anonymous_2)","line":33,"loc":{"start":{"line":33,"column":5},"end":{"line":33,"column":17}}},"3":{"name":"(anonymous_3)","line":37,"loc":{"start":{"line":37,"column":24},"end":{"line":37,"column":36}}},"4":{"name":"(anonymous_4)","line":69,"loc":{"start":{"line":69,"column":31},"end":{"line":69,"column":48}},"skip":true},"5":{"name":"(anonymous_5)","line":78,"loc":{"start":{"line":78,"column":26},"end":{"line":78,"column":45}},"skip":true},"6":{"name":"(anonymous_6)","line":123,"loc":{"start":{"line":123,"column":33},"end":{"line":123,"column":48}},"skip":true},"7":{"name":"(anonymous_7)","line":125,"loc":{"start":{"line":125,"column":27},"end":{"line":125,"column":39}},"skip":true},"8":{"name":"(anonymous_8)","line":133,"loc":{"start":{"line":133,"column":59},"end":{"line":133,"column":74}},"skip":true},"9":{"name":"(anonymous_9)","line":143,"loc":{"start":{"line":143,"column":45},"end":{"line":143,"column":62}},"skip":true},"10":{"name":"(anonymous_10)","line":144,"loc":{"start":{"line":144,"column":73},"end":{"line":144,"column":92}},"skip":true},"11":{"name":"(anonymous_11)","line":272,"loc":{"start":{"line":272,"column":51},"end":{"line":272,"column":77}},"skip":true},"12":{"name":"(anonymous_12)","line":315,"loc":{"start":{"line":315,"column":32},"end":{"line":315,"column":61}},"skip":true}},"statementMap":{"1":{"start":{"line":26,"column":0},"end":{"line":326,"column":5}},"2":{"start":{"line":28,"column":4},"end":{"line":28,"column":14}},"3":{"start":{"line":33,"column":4},"end":{"line":60,"column":9}},"4":{"start":{"line":35,"column":8},"end":{"line":35,"column":19}},"5":{"start":{"line":37,"column":8},"end":{"line":49,"column":13}},"6":{"start":{"line":38,"column":12},"end":{"line":48,"column":13}},"7":{"start":{"line":39,"column":16},"end":{"line":42,"column":30}},"8":{"start":{"line":44,"column":16},"end":{"line":47,"column":27}},"9":{"start":{"line":51,"column":8},"end":{"line":53,"column":21}},"10":{"start":{"line":55,"column":8},"end":{"line":57,"column":45}},"11":{"start":{"line":59,"column":8},"end":{"line":59,"column":35}},"12":{"start":{"line":61,"column":4},"end":{"line":325,"column":5}},"13":{"start":{"line":69,"column":8},"end":{"line":121,"column":10},"skip":true},"14":{"start":{"line":70,"column":12},"end":{"line":88,"column":13},"skip":true},"15":{"start":{"line":76,"column":16},"end":{"line":87,"column":19},"skip":true},"16":{"start":{"line":79,"column":20},"end":{"line":86,"column":21},"skip":true},"17":{"start":{"line":82,"column":24},"end":{"line":82,"column":43},"skip":true},"18":{"start":{"line":83,"column":24},"end":{"line":83,"column":30},"skip":true},"19":{"start":{"line":85,"column":24},"end":{"line":85,"column":49},"skip":true},"20":{"start":{"line":89,"column":12},"end":{"line":107,"column":13},"skip":true},"21":{"start":{"line":92,"column":16},"end":{"line":102,"column":17},"skip":true},"22":{"start":{"line":93,"column":20},"end":{"line":93,"column":86},"skip":true},"23":{"start":{"line":94,"column":20},"end":{"line":95,"column":45},"skip":true},"24":{"start":{"line":96,"column":20},"end":{"line":96,"column":42},"skip":true},"25":{"start":{"line":97,"column":20},"end":{"line":97,"column":48},"skip":true},"26":{"start":{"line":100,"column":20},"end":{"line":100,"column":85},"skip":true},"27":{"start":{"line":101,"column":20},"end":{"line":101,"column":96},"skip":true},"28":{"start":{"line":103,"column":16},"end":{"line":103,"column":22},"skip":true},"29":{"start":{"line":106,"column":16},"end":{"line":106,"column":22},"skip":true},"30":{"start":{"line":108,"column":12},"end":{"line":120,"column":13},"skip":true},"31":{"start":{"line":114,"column":16},"end":{"line":119,"column":17},"skip":true},"32":{"start":{"line":116,"column":20},"end":{"line":116,"column":78},"skip":true},"33":{"start":{"line":118,"column":20},"end":{"line":118,"column":47},"skip":true},"34":{"start":{"line":123,"column":8},"end":{"line":141,"column":11},"skip":true},"35":{"start":{"line":124,"column":12},"end":{"line":124,"column":54},"skip":true},"36":{"start":{"line":125,"column":12},"end":{"line":140,"column":14},"skip":true},"37":{"start":{"line":126,"column":16},"end":{"line":126,"column":28},"skip":true},"38":{"start":{"line":127,"column":16},"end":{"line":127,"column":69},"skip":true},"39":{"start":{"line":128,"column":16},"end":{"line":128,"column":75},"skip":true},"40":{"start":{"line":129,"column":16},"end":{"line":131,"column":17},"skip":true},"41":{"start":{"line":130,"column":20},"end":{"line":130,"column":27},"skip":true},"42":{"start":{"line":133,"column":16},"end":{"line":137,"column":36},"skip":true},"43":{"start":{"line":134,"column":20},"end":{"line":136,"column":55},"skip":true},"44":{"start":{"line":139,"column":16},"end":{"line":139,"column":57},"skip":true},"45":{"start":{"line":143,"column":8},"end":{"line":147,"column":11},"skip":true},"46":{"start":{"line":144,"column":12},"end":{"line":146,"column":15},"skip":true},"47":{"start":{"line":145,"column":16},"end":{"line":145,"column":70},"skip":true},"48":{"start":{"line":149,"column":8},"end":{"line":149,"column":31},"skip":true},"49":{"start":{"line":150,"column":8},"end":{"line":150,"column":14},"skip":true},"50":{"start":{"line":158,"column":8},"end":{"line":158,"column":31},"skip":true},"51":{"start":{"line":160,"column":8},"end":{"line":160,"column":33},"skip":true},"52":{"start":{"line":161,"column":8},"end":{"line":161,"column":37},"skip":true},"53":{"start":{"line":162,"column":8},"end":{"line":162,"column":35},"skip":true},"54":{"start":{"line":164,"column":8},"end":{"line":164,"column":50},"skip":true},"55":{"start":{"line":166,"column":8},"end":{"line":256,"column":2},"skip":true},"56":{"start":{"line":258,"column":8},"end":{"line":286,"column":9},"skip":true},"57":{"start":{"line":259,"column":12},"end":{"line":269,"column":14},"skip":true},"58":{"start":{"line":271,"column":12},"end":{"line":285,"column":19},"skip":true},"59":{"start":{"line":274,"column":20},"end":{"line":274,"column":35},"skip":true},"60":{"start":{"line":275,"column":20},"end":{"line":284,"column":21},"skip":true},"61":{"start":{"line":277,"column":24},"end":{"line":277,"column":64},"skip":true},"62":{"start":{"line":279,"column":24},"end":{"line":279,"column":40},"skip":true},"63":{"start":{"line":281,"column":24},"end":{"line":281,"column":40},"skip":true},"64":{"start":{"line":283,"column":24},"end":{"line":283,"column":39},"skip":true},"65":{"start":{"line":288,"column":8},"end":{"line":290,"column":9},"skip":true},"66":{"start":{"line":289,"column":12},"end":{"line":289,"column":18},"skip":true},"67":{"start":{"line":291,"column":8},"end":{"line":293,"column":54},"skip":true},"68":{"start":{"line":296,"column":8},"end":{"line":301,"column":37},"skip":true},"69":{"start":{"line":303,"column":8},"end":{"line":303,"column":82},"skip":true},"70":{"start":{"line":306,"column":8},"end":{"line":308,"column":9},"skip":true},"71":{"start":{"line":307,"column":12},"end":{"line":307,"column":82},"skip":true},"72":{"start":{"line":310,"column":8},"end":{"line":312,"column":9},"skip":true},"73":{"start":{"line":311,"column":12},"end":{"line":311,"column":18},"skip":true},"74":{"start":{"line":313,"column":8},"end":{"line":313,"column":54},"skip":true},"75":{"start":{"line":314,"column":8},"end":{"line":314,"column":69},"skip":true},"76":{"start":{"line":315,"column":8},"end":{"line":323,"column":36},"skip":true},"77":{"start":{"line":316,"column":12},"end":{"line":316,"column":61},"skip":true},"78":{"start":{"line":317,"column":12},"end":{"line":320,"column":13},"skip":true},"79":{"start":{"line":318,"column":16},"end":{"line":318,"column":75},"skip":true},"80":{"start":{"line":319,"column":16},"end":{"line":319,"column":23},"skip":true},"81":{"start":{"line":321,"column":12},"end":{"line":321,"column":38},"skip":true},"82":{"start":{"line":322,"column":12},"end":{"line":322,"column":27},"skip":true},"83":{"start":{"line":324,"column":8},"end":{"line":324,"column":14},"skip":true}},"branchMap":{"1":{"line":39,"type":"binary-expr","locations":[{"start":{"line":39,"column":23},"end":{"line":39,"column":62}},{"start":{"line":40,"column":20},"end":{"line":40,"column":70}},{"start":{"line":41,"column":20},"end":{"line":41,"column":71}},{"start":{"line":42,"column":20},"end":{"line":42,"column":29}}]},"2":{"line":44,"type":"binary-expr","locations":[{"start":{"line":44,"column":23},"end":{"line":44,"column":37}},{"start":{"line":45,"column":20},"end":{"line":45,"column":61}},{"start":{"line":46,"column":20},"end":{"line":46,"column":70}},{"start":{"line":47,"column":20},"end":{"line":47,"column":26}}]},"3":{"line":51,"type":"cond-expr","locations":[{"start":{"line":52,"column":14},"end":{"line":52,"column":20}},{"start":{"line":53,"column":14},"end":{"line":53,"column":20}}]},"4":{"line":55,"type":"binary-expr","locations":[{"start":{"line":55,"column":16},"end":{"line":55,"column":44}},{"start":{"line":55,"column":49},"end":{"line":57,"column":43}}]},"5":{"line":55,"type":"cond-expr","locations":[{"start":{"line":56,"column":14},"end":{"line":56,"column":55}},{"start":{"line":57,"column":14},"end":{"line":57,"column":43}}]},"6":{"line":61,"type":"switch","locations":[{"start":{"line":68,"column":4},"end":{"line":150,"column":14},"skip":true},{"start":{"line":156,"column":4},"end":{"line":324,"column":14},"skip":true}]},"7":{"line":70,"type":"if","locations":[{"start":{"line":70,"column":12},"end":{"line":70,"column":12},"skip":true},{"start":{"line":70,"column":12},"end":{"line":70,"column":12},"skip":true}]},"8":{"line":70,"type":"binary-expr","locations":[{"start":{"line":70,"column":16},"end":{"line":70,"column":22},"skip":true},{"start":{"line":70,"column":27},"end":{"line":70,"column":32},"skip":true},{"start":{"line":71,"column":20},"end":{"line":71,"column":39},"skip":true},{"start":{"line":72,"column":20},"end":{"line":72,"column":49},"skip":true},{"start":{"line":73,"column":20},"end":{"line":73,"column":58},"skip":true},{"start":{"line":74,"column":20},"end":{"line":74,"column":69},"skip":true}]},"9":{"line":79,"type":"switch","locations":[{"start":{"line":80,"column":20},"end":{"line":80,"column":33},"skip":true},{"start":{"line":81,"column":20},"end":{"line":83,"column":30},"skip":true},{"start":{"line":84,"column":20},"end":{"line":85,"column":49},"skip":true}]},"10":{"line":89,"type":"switch","locations":[{"start":{"line":90,"column":12},"end":{"line":103,"column":22},"skip":true},{"start":{"line":105,"column":12},"end":{"line":106,"column":22},"skip":true}]},"11":{"line":89,"type":"binary-expr","locations":[{"start":{"line":89,"column":20},"end":{"line":89,"column":25},"skip":true},{"start":{"line":89,"column":29},"end":{"line":89,"column":48},"skip":true},{"start":{"line":89,"column":52},"end":{"line":89,"column":74},"skip":true}]},"12":{"line":92,"type":"if","locations":[{"start":{"line":92,"column":16},"end":{"line":92,"column":16},"skip":true},{"start":{"line":92,"column":16},"end":{"line":92,"column":16},"skip":true}]},"13":{"line":108,"type":"if","locations":[{"start":{"line":108,"column":12},"end":{"line":108,"column":12},"skip":true},{"start":{"line":108,"column":12},"end":{"line":108,"column":12},"skip":true}]},"14":{"line":108,"type":"binary-expr","locations":[{"start":{"line":108,"column":16},"end":{"line":108,"column":61},"skip":true},{"start":{"line":108,"column":66},"end":{"line":108,"column":72},"skip":true},{"start":{"line":108,"column":77},"end":{"line":108,"column":82},"skip":true},{"start":{"line":109,"column":20},"end":{"line":109,"column":39},"skip":true},{"start":{"line":110,"column":20},"end":{"line":110,"column":49},"skip":true},{"start":{"line":111,"column":20},"end":{"line":111,"column":58},"skip":true},{"start":{"line":112,"column":20},"end":{"line":112,"column":68},"skip":true}]},"15":{"line":129,"type":"if","locations":[{"start":{"line":129,"column":16},"end":{"line":129,"column":16},"skip":true},{"start":{"line":129,"column":16},"end":{"line":129,"column":16},"skip":true}]},"16":{"line":134,"type":"cond-expr","locations":[{"start":{"line":135,"column":26},"end":{"line":135,"column":29},"skip":true},{"start":{"line":136,"column":26},"end":{"line":136,"column":54},"skip":true}]},"17":{"line":164,"type":"binary-expr","locations":[{"start":{"line":164,"column":27},"end":{"line":164,"column":43},"skip":true},{"start":{"line":164,"column":47},"end":{"line":164,"column":49},"skip":true}]},"18":{"line":258,"type":"if","locations":[{"start":{"line":258,"column":8},"end":{"line":258,"column":8},"skip":true},{"start":{"line":258,"column":8},"end":{"line":258,"column":8},"skip":true}]},"19":{"line":275,"type":"switch","locations":[{"start":{"line":276,"column":20},"end":{"line":277,"column":64},"skip":true},{"start":{"line":278,"column":20},"end":{"line":279,"column":40},"skip":true},{"start":{"line":280,"column":20},"end":{"line":281,"column":40},"skip":true},{"start":{"line":282,"column":20},"end":{"line":283,"column":39},"skip":true}]},"20":{"line":288,"type":"if","locations":[{"start":{"line":288,"column":8},"end":{"line":288,"column":8},"skip":true},{"start":{"line":288,"column":8},"end":{"line":288,"column":8},"skip":true}]},"21":{"line":288,"type":"binary-expr","locations":[{"start":{"line":288,"column":12},"end":{"line":288,"column":40},"skip":true},{"start":{"line":288,"column":44},"end":{"line":288,"column":67},"skip":true}]},"22":{"line":292,"type":"binary-expr","locations":[{"start":{"line":292,"column":12},"end":{"line":292,"column":50},"skip":true},{"start":{"line":293,"column":12},"end":{"line":293,"column":53},"skip":true}]},"23":{"line":297,"type":"binary-expr","locations":[{"start":{"line":297,"column":12},"end":{"line":297,"column":69},"skip":true},{"start":{"line":298,"column":12},"end":{"line":301,"column":36},"skip":true}]},"24":{"line":303,"type":"binary-expr","locations":[{"start":{"line":303,"column":43},"end":{"line":303,"column":75},"skip":true},{"start":{"line":303,"column":79},"end":{"line":303,"column":81},"skip":true}]},"25":{"line":306,"type":"if","locations":[{"start":{"line":306,"column":8},"end":{"line":306,"column":8},"skip":true},{"start":{"line":306,"column":8},"end":{"line":306,"column":8},"skip":true}]},"26":{"line":310,"type":"if","locations":[{"start":{"line":310,"column":8},"end":{"line":310,"column":8},"skip":true},{"start":{"line":310,"column":8},"end":{"line":310,"column":8},"skip":true}]},"27":{"line":313,"type":"binary-expr","locations":[{"start":{"line":313,"column":27},"end":{"line":313,"column":43},"skip":true},{"start":{"line":313,"column":47},"end":{"line":313,"column":53},"skip":true}]},"28":{"line":317,"type":"if","locations":[{"start":{"line":317,"column":12},"end":{"line":317,"column":12},"skip":true},{"start":{"line":317,"column":12},"end":{"line":317,"column":12},"skip":true}]}},"code":["/*","example.js","","quickstart example","","instruction","    1. save this script as example.js","    2. run the shell command:","        $ npm install npmtest-cron-parser && PORT=8081 node example.js","    3. play with the browser-demo on http://127.0.0.1:8081","*/","","","","/* istanbul instrument in package npmtest_cron_parser */","/*jslint","    bitwise: true,","    browser: true,","    maxerr: 8,","    maxlen: 96,","    node: true,","    nomen: true,","    regexp: true,","    stupid: true","*/","(function () {","    'use strict';","    var local;","","","","    // run shared js-env code - init-before","    (function () {","        // init local","        local = {};","        // init modeJs","        local.modeJs = (function () {","            try {","                return typeof navigator.userAgent === 'string' &&","                    typeof document.querySelector('body') === 'object' &&","                    typeof XMLHttpRequest.prototype.open === 'function' &&","                    'browser';","            } catch (errorCaughtBrowser) {","                return module.exports &&","                    typeof process.versions.node === 'string' &&","                    typeof require('http').createServer === 'function' &&","                    'node';","            }","        }());","        // init global","        local.global = local.modeJs === 'browser'","            ? window","            : global;","        // init utility2_rollup","        local = local.global.utility2_rollup || (local.modeJs === 'browser'","            ? local.global.utility2_npmtest_cron_parser","            : global.utility2_moduleExports);","        // export local","        local.global.local = local;","    }());","    switch (local.modeJs) {","","","","    // init-after","    // run browser js-env code - init-after","    /* istanbul ignore next */","    case 'browser':","        local.testRunBrowser = function (event) {","            if (!event || (event &&","                    event.currentTarget &&","                    event.currentTarget.className &&","                    event.currentTarget.className.includes &&","                    event.currentTarget.className.includes('onreset'))) {","                // reset output","                Array.from(","                    document.querySelectorAll('body > .resettable')","                ).forEach(function (element) {","                    switch (element.tagName) {","                    case 'INPUT':","                    case 'TEXTAREA':","                        element.value = '';","                        break;","                    default:","                        element.textContent = '';","                    }","                });","            }","            switch (event && event.currentTarget && event.currentTarget.id) {","            case 'testRunButton1':","                // show tests","                if (document.querySelector('#testReportDiv1').style.display === 'none') {","                    document.querySelector('#testReportDiv1').style.display = 'block';","                    document.querySelector('#testRunButton1').textContent =","                        'hide internal test';","                    local.modeTest = true;","                    local.testRunDefault(local);","                // hide tests","                } else {","                    document.querySelector('#testReportDiv1').style.display = 'none';","                    document.querySelector('#testRunButton1').textContent = 'run internal test';","                }","                break;","            // custom-case","            default:","                break;","            }","            if (document.querySelector('#inputTextareaEval1') && (!event || (event &&","                    event.currentTarget &&","                    event.currentTarget.className &&","                    event.currentTarget.className.includes &&","                    event.currentTarget.className.includes('oneval')))) {","                // try to eval input-code","                try {","                    /*jslint evil: true*/","                    eval(document.querySelector('#inputTextareaEval1').value);","                } catch (errorCaught) {","                    console.error(errorCaught);","                }","            }","        };","        // log stderr and stdout to #outputTextareaStdout1","        ['error', 'log'].forEach(function (key) {","            console[key + '_original'] = console[key];","            console[key] = function () {","                var element;","                console[key + '_original'].apply(console, arguments);","                element = document.querySelector('#outputTextareaStdout1');","                if (!element) {","                    return;","                }","                // append text to #outputTextareaStdout1","                element.value += Array.from(arguments).map(function (arg) {","                    return typeof arg === 'string'","                        ? arg","                        : JSON.stringify(arg, null, 4);","                }).join(' ') + '\\n';","                // scroll textarea to bottom","                element.scrollTop = element.scrollHeight;","            };","        });","        // init event-handling","        ['change', 'click', 'keyup'].forEach(function (event) {","            Array.from(document.querySelectorAll('.on' + event)).forEach(function (element) {","                element.addEventListener(event, local.testRunBrowser);","            });","        });","        // run tests","        local.testRunBrowser();","        break;","","","","    // run node js-env code - init-after","    /* istanbul ignore next */","    case 'node':","        // export local","        module.exports = local;","        // require modules","        local.fs = require('fs');","        local.http = require('http');","        local.url = require('url');","        // init assets","        local.assetsDict = local.assetsDict || {};","        /* jslint-ignore-begin */","        local.assetsDict['/assets.index.template.html'] = '\\","<!doctype html>\\n\\","<html lang=\"en\">\\n\\","<head>\\n\\","<meta charset=\"UTF-8\">\\n\\","<meta name=\"viewport\" content=\"width=device-width, initial-scale=1\">\\n\\","<title>{{env.npm_package_name}} (v{{env.npm_package_version}})</title>\\n\\","<style>\\n\\","/*csslint\\n\\","    box-sizing: false,\\n\\","    universal-selector: false\\n\\","*/\\n\\","* {\\n\\","    box-sizing: border-box;\\n\\","}\\n\\","body {\\n\\","    background: #dde;\\n\\","    font-family: Arial, Helvetica, sans-serif;\\n\\","    margin: 2rem;\\n\\","}\\n\\","body > * {\\n\\","    margin-bottom: 1rem;\\n\\","}\\n\\",".utility2FooterDiv {\\n\\","    margin-top: 20px;\\n\\","    text-align: center;\\n\\","}\\n\\","</style>\\n\\","<style>\\n\\","/*csslint\\n\\","*/\\n\\","textarea {\\n\\","    font-family: monospace;\\n\\","    height: 10rem;\\n\\","    width: 100%;\\n\\","}\\n\\","textarea[readonly] {\\n\\","    background: #ddd;\\n\\","}\\n\\","</style>\\n\\","</head>\\n\\","<body>\\n\\","<!-- utility2-comment\\n\\","<div id=\"ajaxProgressDiv1\" style=\"background: #d00; height: 2px; left: 0; margin: 0; padding: 0; position: fixed; top: 0; transition: background 0.5s, width 1.5s; width: 25%;\"></div>\\n\\","utility2-comment -->\\n\\","<h1>\\n\\","<!-- utility2-comment\\n\\","    <a\\n\\","        {{#if env.npm_package_homepage}}\\n\\","        href=\"{{env.npm_package_homepage}}\"\\n\\","        {{/if env.npm_package_homepage}}\\n\\","        target=\"_blank\"\\n\\","    >\\n\\","utility2-comment -->\\n\\","        {{env.npm_package_name}} (v{{env.npm_package_version}})\\n\\","<!-- utility2-comment\\n\\","    </a>\\n\\","utility2-comment -->\\n\\","</h1>\\n\\","<h3>{{env.npm_package_description}}</h3>\\n\\","<!-- utility2-comment\\n\\","<h4><a download href=\"assets.app.js\">download standalone app</a></h4>\\n\\","<button class=\"onclick onreset\" id=\"testRunButton1\">run internal test</button><br>\\n\\","<div id=\"testReportDiv1\" style=\"display: none;\"></div>\\n\\","utility2-comment -->\\n\\","\\n\\","\\n\\","\\n\\","<label>stderr and stdout</label>\\n\\","<textarea class=\"resettable\" id=\"outputTextareaStdout1\" readonly></textarea>\\n\\","<!-- utility2-comment\\n\\","{{#if isRollup}}\\n\\","<script src=\"assets.app.js\"></script>\\n\\","{{#unless isRollup}}\\n\\","utility2-comment -->\\n\\","<script src=\"assets.utility2.rollup.js\"></script>\\n\\","<script src=\"jsonp.utility2._stateInit?callback=window.utility2._stateInit\"></script>\\n\\","<script src=\"assets.npmtest_cron_parser.rollup.js\"></script>\\n\\","<script src=\"assets.example.js\"></script>\\n\\","<script src=\"assets.test.js\"></script>\\n\\","<!-- utility2-comment\\n\\","{{/if isRollup}}\\n\\","utility2-comment -->\\n\\","<div class=\"utility2FooterDiv\">\\n\\","    [ this app was created with\\n\\","    <a href=\"https://github.com/kaizhu256/node-utility2\" target=\"_blank\">utility2</a>\\n\\","    ]\\n\\","</div>\\n\\","</body>\\n\\","</html>\\n\\","';","        /* jslint-ignore-end */","        if (local.templateRender) {","            local.assetsDict['/'] = local.templateRender(","                local.assetsDict['/assets.index.template.html'],","                {","                    env: local.objectSetDefault(local.env, {","                        npm_package_description: 'the greatest app in the world!',","                        npm_package_name: 'my-app',","                        npm_package_nameAlias: 'my_app',","                        npm_package_version: '0.0.1'","                    })","                }","            );","        } else {","            local.assetsDict['/'] = local.assetsDict['/assets.index.template.html']","                .replace((/\\{\\{env\\.(\\w+?)\\}\\}/g), function (match0, match1) {","                    // jslint-hack","                    String(match0);","                    switch (match1) {","                    case 'npm_package_description':","                        return 'the greatest app in the world!';","                    case 'npm_package_name':","                        return 'my-app';","                    case 'npm_package_nameAlias':","                        return 'my_app';","                    case 'npm_package_version':","                        return '0.0.1';","                    }","                });","        }","        // run the cli","        if (local.global.utility2_rollup || module !== require.main) {","            break;","        }","        local.assetsDict['/assets.example.js'] =","            local.assetsDict['/assets.example.js'] ||","            local.fs.readFileSync(__filename, 'utf8');","        // bug-workaround - long $npm_package_buildCustomOrg","        /* jslint-ignore-begin */","        local.assetsDict['/assets.npmtest_cron_parser.rollup.js'] =","            local.assetsDict['/assets.npmtest_cron_parser.rollup.js'] ||","            local.fs.readFileSync(","                local.npmtest_cron_parser.__dirname + '/lib.npmtest_cron_parser.js',","                'utf8'","            ).replace((/^#!/), '//');","        /* jslint-ignore-end */","        local.assetsDict['/favicon.ico'] = local.assetsDict['/favicon.ico'] || '';","        // if $npm_config_timeout_exit exists,","        // then exit this process after $npm_config_timeout_exit ms","        if (Number(process.env.npm_config_timeout_exit)) {","            setTimeout(process.exit, Number(process.env.npm_config_timeout_exit));","        }","        // start server","        if (local.global.utility2_serverHttp1) {","            break;","        }","        process.env.PORT = process.env.PORT || '8081';","        console.error('server starting on port ' + process.env.PORT);","        local.http.createServer(function (request, response) {","            request.urlParsed = local.url.parse(request.url);","            if (local.assetsDict[request.urlParsed.pathname] !== undefined) {","                response.end(local.assetsDict[request.urlParsed.pathname]);","                return;","            }","            response.statusCode = 404;","            response.end();","        }).listen(process.env.PORT);","        break;","    }","}());",""],"l":{"26":2,"28":2,"33":2,"35":2,"37":2,"38":2,"39":2,"44":1,"51":2,"55":2,"59":2,"61":2,"69":1,"70":2,"76":2,"79":2,"82":2,"83":2,"85":1,"89":2,"92":1,"93":1,"94":1,"96":1,"97":1,"100":1,"101":1,"103":1,"106":1,"108":2,"114":1,"116":1,"118":1,"123":1,"124":2,"125":2,"126":3,"127":3,"128":3,"129":3,"130":1,"133":3,"134":3,"139":3,"143":1,"144":3,"145":1,"149":1,"150":1,"158":1,"160":1,"161":1,"162":1,"164":1,"166":1,"258":1,"259":1,"271":1,"274":6,"275":6,"277":1,"279":2,"281":1,"283":2,"288":1,"289":1,"291":1,"296":1,"303":1,"306":1,"307":1,"310":1,"311":1,"313":1,"314":1,"315":1,"316":1,"317":1,"318":1,"319":1,"321":1,"322":1,"324":1}},"/home/travis/build/npmtest/node-npmtest-cron-parser/node_modules/cron-parser/lib/parser.js":{"path":"/home/travis/build/npmtest/node-npmtest-cron-parser/node_modules/cron-parser/lib/parser.js","s":{"1":1,"2":1,"3":1,"4":0,"5":0,"6":0,"7":0,"8":0,"9":0,"10":1,"11":0,"12":1,"13":0,"14":0,"15":0,"16":0,"17":0,"18":0,"19":0,"20":0,"21":0,"22":0,"23":0,"24":0,"25":0,"26":0,"27":0,"28":0,"29":0,"30":0,"31":1,"32":0,"33":0,"34":0,"35":0,"36":0,"37":1},"b":{"1":[0,0],"2":[0,0],"3":[0,0],"4":[0,0],"5":[0,0],"6":[0,0]},"f":{"1":0,"2":0,"3":0,"4":0,"5":0,"6":0},"fnMap":{"1":{"name":"CronParser","line":5,"loc":{"start":{"line":5,"column":0},"end":{"line":5,"column":22}}},"2":{"name":"_parseEntry","line":13,"loc":{"start":{"line":13,"column":25},"end":{"line":13,"column":54}}},"3":{"name":"parseExpression","line":38,"loc":{"start":{"line":38,"column":29},"end":{"line":38,"column":86}}},"4":{"name":"parseString","line":49,"loc":{"start":{"line":49,"column":25},"end":{"line":49,"column":53}}},"5":{"name":"parseFile","line":92,"loc":{"start":{"line":92,"column":23},"end":{"line":92,"column":63}}},"6":{"name":"(anonymous_6)","line":93,"loc":{"start":{"line":93,"column":35},"end":{"line":93,"column":55}}}},"statementMap":{"1":{"start":{"line":3,"column":0},"end":{"line":3,"column":45}},"2":{"start":{"line":5,"column":0},"end":{"line":5,"column":24}},"3":{"start":{"line":13,"column":0},"end":{"line":28,"column":2}},"4":{"start":{"line":14,"column":2},"end":{"line":14,"column":31}},"5":{"start":{"line":16,"column":2},"end":{"line":27,"column":3}},"6":{"start":{"line":17,"column":4},"end":{"line":19,"column":6}},"7":{"start":{"line":20,"column":9},"end":{"line":27,"column":3}},"8":{"start":{"line":21,"column":4},"end":{"line":24,"column":6}},"9":{"start":{"line":26,"column":4},"end":{"line":26,"column":47}},"10":{"start":{"line":38,"column":0},"end":{"line":40,"column":2}},"11":{"start":{"line":39,"column":2},"end":{"line":39,"column":61}},"12":{"start":{"line":49,"column":0},"end":{"line":83,"column":2}},"13":{"start":{"line":50,"column":2},"end":{"line":50,"column":18}},"14":{"start":{"line":51,"column":2},"end":{"line":51,"column":32}},"15":{"start":{"line":53,"column":2},"end":{"line":57,"column":4}},"16":{"start":{"line":59,"column":2},"end":{"line":80,"column":3}},"17":{"start":{"line":60,"column":4},"end":{"line":60,"column":26}},"18":{"start":{"line":61,"column":4},"end":{"line":61,"column":23}},"19":{"start":{"line":62,"column":4},"end":{"line":62,"column":48}},"20":{"start":{"line":64,"column":4},"end":{"line":79,"column":5}},"21":{"start":{"line":65,"column":6},"end":{"line":78,"column":7}},"22":{"start":{"line":66,"column":8},"end":{"line":66,"column":17}},"23":{"start":{"line":67,"column":13},"end":{"line":78,"column":7}},"24":{"start":{"line":68,"column":8},"end":{"line":68,"column":52}},"25":{"start":{"line":70,"column":8},"end":{"line":70,"column":26}},"26":{"start":{"line":72,"column":8},"end":{"line":77,"column":9}},"27":{"start":{"line":73,"column":10},"end":{"line":73,"column":50}},"28":{"start":{"line":74,"column":10},"end":{"line":74,"column":53}},"29":{"start":{"line":76,"column":10},"end":{"line":76,"column":39}},"30":{"start":{"line":82,"column":2},"end":{"line":82,"column":18}},"31":{"start":{"line":92,"column":0},"end":{"line":101,"column":2}},"32":{"start":{"line":93,"column":2},"end":{"line":100,"column":5}},"33":{"start":{"line":94,"column":4},"end":{"line":97,"column":5}},"34":{"start":{"line":95,"column":6},"end":{"line":95,"column":20}},"35":{"start":{"line":96,"column":6},"end":{"line":96,"column":13}},"36":{"start":{"line":99,"column":4},"end":{"line":99,"column":67}},"37":{"start":{"line":103,"column":0},"end":{"line":103,"column":28}}},"branchMap":{"1":{"line":16,"type":"if","locations":[{"start":{"line":16,"column":2},"end":{"line":16,"column":2}},{"start":{"line":16,"column":2},"end":{"line":16,"column":2}}]},"2":{"line":20,"type":"if","locations":[{"start":{"line":20,"column":9},"end":{"line":20,"column":9}},{"start":{"line":20,"column":9},"end":{"line":20,"column":9}}]},"3":{"line":64,"type":"if","locations":[{"start":{"line":64,"column":4},"end":{"line":64,"column":4}},{"start":{"line":64,"column":4},"end":{"line":64,"column":4}}]},"4":{"line":65,"type":"if","locations":[{"start":{"line":65,"column":6},"end":{"line":65,"column":6}},{"start":{"line":65,"column":6},"end":{"line":65,"column":6}}]},"5":{"line":67,"type":"if","locations":[{"start":{"line":67,"column":13},"end":{"line":67,"column":13}},{"start":{"line":67,"column":13},"end":{"line":67,"column":13}}]},"6":{"line":94,"type":"if","locations":[{"start":{"line":94,"column":4},"end":{"line":94,"column":4}},{"start":{"line":94,"column":4},"end":{"line":94,"column":4}}]}},"code":["'use strict';","","var CronExpression = require('./expression');","","function CronParser() {}","","/**"," * Parse crontab entry"," *"," * @private"," * @param {String} entry Crontab file entry/line"," */","CronParser._parseEntry = function _parseEntry (entry) {","  var atoms = entry.split(' ');","","  if (atoms.length === 6) {","    return {","      interval: CronExpression.parse(entry)","    };","  } else if (atoms.length > 6) {","    return {","      interval: CronExpression.parse(entry),","      command: atoms.slice(6, atoms.length)","    };","  } else {","    throw new Error('Invalid entry: ' + entry);","  }","};","","/**"," * Wrapper for CronExpression.parser method"," *"," * @public"," * @param {String} expression Input expression"," * @param {Object} [options] Parsing options"," * @return {Object}"," */","CronParser.parseExpression = function parseExpression (expression, options, callback) {","  return CronExpression.parse(expression, options, callback);","};","","/**"," * Parse content string"," *"," * @public"," * @param {String} data Crontab content"," * @return {Object}"," */","CronParser.parseString = function parseString (data) {","  var self = this;","  var blocks = data.split('\\n');","","  var response = {","    variables: {},","    expressions: [],","    errors: {}","  };","","  for (var i = 0, c = blocks.length; i < c; i++) {","    var block = blocks[i];","    var matches = null;","    var entry = block.replace(/^\\s+|\\s+$/g, ''); // Remove surrounding spaces","","    if (entry.length > 0) {","      if (entry.match(/^#/)) { // Comment","        continue;","      } else if ((matches = entry.match(/^(.*)=(.*)$/))) { // Variable","        response.variables[matches[1]] = matches[2];","      } else { // Expression?","        var result = null;","","        try {","          result = self._parseEntry('0 ' + entry);","          response.expressions.push(result.interval);","        } catch (err) {","          response.errors[entry] = err;","        }","      }","    }","  }","","  return response;","};","","/**"," * Parse crontab file"," *"," * @public"," * @param {String} filePath Path to file"," * @param {Function} callback"," */","CronParser.parseFile = function parseFile (filePath, callback) {","  require('fs').readFile(filePath, function(err, data) {","    if (err) {","      callback(err);","      return;","    }","","    return callback(null, CronParser.parseString(data.toString()));","  });","};","","module.exports = CronParser;",""],"l":{"3":1,"5":1,"13":1,"14":0,"16":0,"17":0,"20":0,"21":0,"26":0,"38":1,"39":0,"49":1,"50":0,"51":0,"53":0,"59":0,"60":0,"61":0,"62":0,"64":0,"65":0,"66":0,"67":0,"68":0,"70":0,"72":0,"73":0,"74":0,"76":0,"82":0,"92":1,"93":0,"94":0,"95":0,"96":0,"99":0,"103":1}},"/home/travis/build/npmtest/node-npmtest-cron-parser/node_modules/cron-parser/lib/expression.js":{"path":"/home/travis/build/npmtest/node-npmtest-cron-parser/node_modules/cron-parser/lib/expression.js","s":{"1":1,"2":1,"3":1,"4":0,"5":0,"6":0,"7":0,"8":0,"9":0,"10":0,"11":0,"12":0,"13":0,"14":0,"15":0,"16":1,"17":1,"18":1,"19":1,"20":1,"21":1,"22":1,"23":0,"24":0,"25":0,"26":0,"27":0,"28":0,"29":0,"30":0,"31":0,"32":0,"33":0,"34":0,"35":1,"36":0,"37":1,"38":0,"39":0,"40":0,"41":0,"42":0,"43":0,"44":0,"45":0,"46":0,"47":0,"48":0,"49":0,"50":0,"51":0,"52":0,"53":0,"54":0,"55":0,"56":0,"57":0,"58":0,"59":0,"60":0,"61":0,"62":0,"63":1,"64":0,"65":0,"66":0,"67":0,"68":0,"69":1,"70":0,"71":0,"72":0,"73":0,"74":0,"75":0,"76":0,"77":0,"78":0,"79":0,"80":0,"81":0,"82":0,"83":0,"84":0,"85":0,"86":0,"87":0,"88":0,"89":0,"90":0,"91":0,"92":1,"93":0,"94":0,"95":0,"96":0,"97":0,"98":0,"99":0,"100":0,"101":0,"102":0,"103":1,"104":1,"105":0,"106":0,"107":0,"108":0,"109":1,"110":0,"111":0,"112":0,"113":0,"114":0,"115":0,"116":0,"117":0,"118":0,"119":0,"120":0,"121":0,"122":0,"123":0,"124":0,"125":0,"126":0,"127":0,"128":0,"129":0,"130":0,"131":0,"132":0,"133":0,"134":0,"135":0,"136":0,"137":0,"138":0,"139":0,"140":0,"141":0,"142":0,"143":0,"144":0,"145":0,"146":0,"147":0,"148":0,"149":0,"150":0,"151":0,"152":0,"153":0,"154":0,"155":0,"156":0,"157":0,"158":0,"159":0,"160":0,"161":0,"162":0,"163":0,"164":0,"165":0,"166":0,"167":0,"168":0,"169":0,"170":0,"171":0,"172":0,"173":0,"174":0,"175":0,"176":0,"177":0,"178":0,"179":0,"180":0,"181":0,"182":0,"183":0,"184":0,"185":0,"186":0,"187":0,"188":0,"189":0,"190":1,"191":0,"192":0,"193":0,"194":0,"195":1,"196":0,"197":0,"198":0,"199":0,"200":1,"201":0,"202":0,"203":0,"204":0,"205":0,"206":0,"207":0,"208":0,"209":1,"210":0,"211":0,"212":0,"213":0,"214":0,"215":0,"216":0,"217":0,"218":1,"219":0,"220":0,"221":0,"222":0,"223":0,"224":0,"225":0,"226":0,"227":0,"228":0,"229":0,"230":0,"231":0,"232":0,"233":0,"234":0,"235":0,"236":1,"237":0,"238":1,"239":0,"240":0,"241":0,"242":0,"243":1,"244":0,"245":0,"246":0,"247":0,"248":0,"249":0,"250":0,"251":0,"252":0,"253":0,"254":0,"255":0,"256":0,"257":0,"258":0,"259":0,"260":0,"261":1},"b":{"1":[0,0],"2":[0,0],"3":[0,0],"4":[0,0],"5":[0,0],"6":[0,0],"7":[0,0],"8":[0,0],"9":[0,0],"10":[0,0],"11":[0,0],"12":[0,0],"13":[0,0],"14":[0,0],"15":[0,0],"16":[0,0],"17":[0,0],"18":[0,0],"19":[0,0],"20":[0,0],"21":[0,0],"22":[0,0],"23":[0,0],"24":[0,0,0,0],"25":[0,0],"26":[0,0],"27":[0,0],"28":[0,0],"29":[0,0],"30":[0,0],"31":[0,0],"32":[0,0],"33":[0,0,0],"34":[0,0],"35":[0,0],"36":[0,0],"37":[0,0],"38":[0,0],"39":[0,0],"40":[0,0],"41":[0,0],"42":[0,0],"43":[0,0],"44":[0,0],"45":[0,0],"46":[0,0],"47":[0,0],"48":[0,0],"49":[0,0],"50":[0,0,0],"51":[0,0],"52":[0,0],"53":[0,0],"54":[0,0],"55":[0,0],"56":[0,0],"57":[0,0,0],"58":[0,0],"59":[0,0,0],"60":[0,0],"61":[0,0,0],"62":[0,0],"63":[0,0],"64":[0,0],"65":[0,0],"66":[0,0],"67":[0,0],"68":[0,0],"69":[0,0],"70":[0,0],"71":[0,0],"72":[0,0],"73":[0,0],"74":[0,0],"75":[0,0],"76":[0,0],"77":[0,0],"78":[0,0],"79":[0,0],"80":[0,0],"81":[0,0],"82":[0,0],"83":[0,0]},"f":{"1":0,"2":0,"3":0,"4":0,"5":0,"6":0,"7":0,"8":0,"9":0,"10":0,"11":0,"12":0,"13":0,"14":0,"15":0,"16":0,"17":0,"18":0,"19":0,"20":0,"21":0},"fnMap":{"1":{"name":"CronExpression","line":21,"loc":{"start":{"line":21,"column":0},"end":{"line":21,"column":42}}},"2":{"name":"_parseField","line":135,"loc":{"start":{"line":135,"column":29},"end":{"line":135,"column":78}}},"3":{"name":"(anonymous_3)","line":142,"loc":{"start":{"line":142,"column":44},"end":{"line":142,"column":60}}},"4":{"name":"parseSequence","line":179,"loc":{"start":{"line":179,"column":2},"end":{"line":179,"column":31}}},"5":{"name":"handleResult","line":182,"loc":{"start":{"line":182,"column":4},"end":{"line":182,"column":35}}},"6":{"name":"(anonymous_6)","line":226,"loc":{"start":{"line":226,"column":19},"end":{"line":226,"column":35}}},"7":{"name":"parseRepeat","line":247,"loc":{"start":{"line":247,"column":2},"end":{"line":247,"column":29}}},"8":{"name":"parseRange","line":266,"loc":{"start":{"line":266,"column":2},"end":{"line":266,"column":44}}},"9":{"name":"(anonymous_9)","line":317,"loc":{"start":{"line":317,"column":47},"end":{"line":317,"column":77}}},"10":{"name":"_findSchedule","line":346,"loc":{"start":{"line":346,"column":41},"end":{"line":346,"column":74}}},"11":{"name":"matchSchedule","line":356,"loc":{"start":{"line":356,"column":2},"end":{"line":356,"column":43}}},"12":{"name":"isWildcardRange","line":373,"loc":{"start":{"line":373,"column":2},"end":{"line":373,"column":48}}},"13":{"name":"(anonymous_13)","line":389,"loc":{"start":{"line":389,"column":15},"end":{"line":389,"column":30}}},"14":{"name":"next","line":537,"loc":{"start":{"line":537,"column":32},"end":{"line":537,"column":49}}},"15":{"name":"prev","line":557,"loc":{"start":{"line":557,"column":32},"end":{"line":557,"column":49}}},"16":{"name":"(anonymous_16)","line":577,"loc":{"start":{"line":577,"column":35},"end":{"line":577,"column":46}}},"17":{"name":"(anonymous_17)","line":598,"loc":{"start":{"line":598,"column":35},"end":{"line":598,"column":46}}},"18":{"name":"iterate","line":621,"loc":{"start":{"line":621,"column":35},"end":{"line":621,"column":70}}},"19":{"name":"reset","line":662,"loc":{"start":{"line":662,"column":33},"end":{"line":662,"column":51}}},"20":{"name":"parse","line":674,"loc":{"start":{"line":674,"column":23},"end":{"line":674,"column":70}}},"21":{"name":"parse","line":681,"loc":{"start":{"line":681,"column":2},"end":{"line":681,"column":39}}}},"statementMap":{"1":{"start":{"line":4,"column":0},"end":{"line":4,"column":33}},"2":{"start":{"line":7,"column":0},"end":{"line":7,"column":34}},"3":{"start":{"line":21,"column":0},"end":{"line":37,"column":1}},"4":{"start":{"line":22,"column":2},"end":{"line":22,"column":26}},"5":{"start":{"line":23,"column":2},"end":{"line":23,"column":24}},"6":{"start":{"line":24,"column":2},"end":{"line":24,"column":66}},"7":{"start":{"line":25,"column":2},"end":{"line":25,"column":89}},"8":{"start":{"line":26,"column":2},"end":{"line":26,"column":83}},"9":{"start":{"line":27,"column":2},"end":{"line":27,"column":20}},"10":{"start":{"line":28,"column":2},"end":{"line":28,"column":47}},"11":{"start":{"line":29,"column":2},"end":{"line":29,"column":28}},"12":{"start":{"line":30,"column":2},"end":{"line":30,"column":35}},"13":{"start":{"line":33,"column":2},"end":{"line":36,"column":3}},"14":{"start":{"line":34,"column":4},"end":{"line":34,"column":36}},"15":{"start":{"line":35,"column":4},"end":{"line":35,"column":34}},"16":{"start":{"line":43,"column":0},"end":{"line":43,"column":88}},"17":{"start":{"line":49,"column":0},"end":{"line":55,"column":2}},"18":{"start":{"line":61,"column":0},"end":{"line":68,"column":2}},"19":{"start":{"line":74,"column":0},"end":{"line":87,"column":2}},"20":{"start":{"line":93,"column":0},"end":{"line":118,"column":2}},"21":{"start":{"line":124,"column":0},"end":{"line":124,"column":64}},"22":{"start":{"line":135,"column":0},"end":{"line":315,"column":2}},"23":{"start":{"line":137,"column":2},"end":{"line":152,"column":3}},"24":{"start":{"line":140,"column":6},"end":{"line":140,"column":50}},"25":{"start":{"line":142,"column":6},"end":{"line":150,"column":9}},"26":{"start":{"line":143,"column":8},"end":{"line":143,"column":36}},"27":{"start":{"line":145,"column":8},"end":{"line":149,"column":9}},"28":{"start":{"line":146,"column":10},"end":{"line":146,"column":32}},"29":{"start":{"line":148,"column":10},"end":{"line":148,"column":65}},"30":{"start":{"line":151,"column":6},"end":{"line":151,"column":12}},"31":{"start":{"line":155,"column":2},"end":{"line":157,"column":3}},"32":{"start":{"line":156,"column":4},"end":{"line":156,"column":62}},"33":{"start":{"line":160,"column":2},"end":{"line":162,"column":3}},"34":{"start":{"line":161,"column":4},"end":{"line":161,"column":56}},"35":{"start":{"line":179,"column":2},"end":{"line":239,"column":3}},"36":{"start":{"line":180,"column":4},"end":{"line":180,"column":19}},"37":{"start":{"line":182,"column":4},"end":{"line":220,"column":5}},"38":{"start":{"line":183,"column":6},"end":{"line":183,"column":68}},"39":{"start":{"line":185,"column":6},"end":{"line":219,"column":7}},"40":{"start":{"line":186,"column":8},"end":{"line":202,"column":9}},"41":{"start":{"line":187,"column":10},"end":{"line":187,"column":32}},"42":{"start":{"line":190,"column":10},"end":{"line":195,"column":11}},"43":{"start":{"line":191,"column":12},"end":{"line":194,"column":14}},"44":{"start":{"line":197,"column":10},"end":{"line":199,"column":11}},"45":{"start":{"line":198,"column":12},"end":{"line":198,"column":30}},"46":{"start":{"line":201,"column":10},"end":{"line":201,"column":44}},"47":{"start":{"line":204,"column":8},"end":{"line":204,"column":25}},"48":{"start":{"line":207,"column":8},"end":{"line":212,"column":9}},"49":{"start":{"line":208,"column":10},"end":{"line":211,"column":12}},"50":{"start":{"line":214,"column":8},"end":{"line":216,"column":9}},"51":{"start":{"line":215,"column":10},"end":{"line":215,"column":30}},"52":{"start":{"line":218,"column":8},"end":{"line":218,"column":27}},"53":{"start":{"line":222,"column":4},"end":{"line":222,"column":31}},"54":{"start":{"line":223,"column":4},"end":{"line":236,"column":5}},"55":{"start":{"line":224,"column":6},"end":{"line":229,"column":7}},"56":{"start":{"line":225,"column":8},"end":{"line":225,"column":28}},"57":{"start":{"line":226,"column":8},"end":{"line":228,"column":11}},"58":{"start":{"line":227,"column":10},"end":{"line":227,"column":93}},"59":{"start":{"line":231,"column":6},"end":{"line":233,"column":7}},"60":{"start":{"line":232,"column":8},"end":{"line":232,"column":44}},"61":{"start":{"line":235,"column":6},"end":{"line":235,"column":37}},"62":{"start":{"line":238,"column":4},"end":{"line":238,"column":17}},"63":{"start":{"line":247,"column":2},"end":{"line":256,"column":3}},"64":{"start":{"line":248,"column":4},"end":{"line":248,"column":27}},"65":{"start":{"line":249,"column":4},"end":{"line":249,"column":31}},"66":{"start":{"line":251,"column":4},"end":{"line":253,"column":5}},"67":{"start":{"line":252,"column":6},"end":{"line":252,"column":59}},"68":{"start":{"line":255,"column":4},"end":{"line":255,"column":43}},"69":{"start":{"line":266,"column":2},"end":{"line":312,"column":3}},"70":{"start":{"line":267,"column":4},"end":{"line":267,"column":19}},"71":{"start":{"line":268,"column":4},"end":{"line":268,"column":31}},"72":{"start":{"line":270,"column":4},"end":{"line":309,"column":5}},"73":{"start":{"line":272,"column":6},"end":{"line":274,"column":7}},"74":{"start":{"line":273,"column":8},"end":{"line":273,"column":20}},"75":{"start":{"line":277,"column":6},"end":{"line":277,"column":26}},"76":{"start":{"line":278,"column":6},"end":{"line":278,"column":26}},"77":{"start":{"line":280,"column":6},"end":{"line":290,"column":7}},"78":{"start":{"line":282,"column":8},"end":{"line":287,"column":10}},"79":{"start":{"line":288,"column":13},"end":{"line":290,"column":7}},"80":{"start":{"line":289,"column":8},"end":{"line":289,"column":49}},"81":{"start":{"line":293,"column":6},"end":{"line":293,"column":40}},"82":{"start":{"line":295,"column":6},"end":{"line":297,"column":7}},"83":{"start":{"line":296,"column":8},"end":{"line":296,"column":94}},"84":{"start":{"line":299,"column":6},"end":{"line":306,"column":7}},"85":{"start":{"line":300,"column":8},"end":{"line":305,"column":9}},"86":{"start":{"line":301,"column":10},"end":{"line":301,"column":26}},"87":{"start":{"line":302,"column":10},"end":{"line":302,"column":28}},"88":{"start":{"line":304,"column":10},"end":{"line":304,"column":24}},"89":{"start":{"line":308,"column":6},"end":{"line":308,"column":19}},"90":{"start":{"line":311,"column":4},"end":{"line":311,"column":16}},"91":{"start":{"line":314,"column":2},"end":{"line":314,"column":30}},"92":{"start":{"line":317,"column":0},"end":{"line":337,"column":2}},"93":{"start":{"line":318,"column":2},"end":{"line":318,"column":44}},"94":{"start":{"line":319,"column":2},"end":{"line":319,"column":24}},"95":{"start":{"line":320,"column":2},"end":{"line":320,"column":43}},"96":{"start":{"line":321,"column":2},"end":{"line":321,"column":40}},"97":{"start":{"line":322,"column":2},"end":{"line":336,"column":3}},"98":{"start":{"line":324,"column":4},"end":{"line":327,"column":5}},"99":{"start":{"line":326,"column":6},"end":{"line":326,"column":35}},"100":{"start":{"line":328,"column":9},"end":{"line":336,"column":3}},"101":{"start":{"line":332,"column":4},"end":{"line":335,"column":5}},"102":{"start":{"line":334,"column":6},"end":{"line":334,"column":33}},"103":{"start":{"line":346,"column":0},"end":{"line":529,"column":2}},"104":{"start":{"line":356,"column":2},"end":{"line":364,"column":3}},"105":{"start":{"line":357,"column":4},"end":{"line":361,"column":5}},"106":{"start":{"line":358,"column":6},"end":{"line":360,"column":7}},"107":{"start":{"line":359,"column":8},"end":{"line":359,"column":37}},"108":{"start":{"line":363,"column":4},"end":{"line":363,"column":33}},"109":{"start":{"line":373,"column":2},"end":{"line":383,"column":3}},"110":{"start":{"line":374,"column":4},"end":{"line":376,"column":5}},"111":{"start":{"line":375,"column":6},"end":{"line":375,"column":19}},"112":{"start":{"line":378,"column":4},"end":{"line":380,"column":5}},"113":{"start":{"line":379,"column":6},"end":{"line":379,"column":19}},"114":{"start":{"line":382,"column":4},"end":{"line":382,"column":78}},"115":{"start":{"line":386,"column":2},"end":{"line":386,"column":29}},"116":{"start":{"line":387,"column":2},"end":{"line":387,"column":50}},"117":{"start":{"line":389,"column":2},"end":{"line":391,"column":15}},"118":{"start":{"line":390,"column":4},"end":{"line":390,"column":58}},"119":{"start":{"line":393,"column":2},"end":{"line":393,"column":62}},"120":{"start":{"line":394,"column":2},"end":{"line":394,"column":34}},"121":{"start":{"line":395,"column":2},"end":{"line":395,"column":30}},"122":{"start":{"line":398,"column":2},"end":{"line":398,"column":41}},"123":{"start":{"line":399,"column":2},"end":{"line":523,"column":3}},"124":{"start":{"line":401,"column":4},"end":{"line":409,"column":5}},"125":{"start":{"line":402,"column":6},"end":{"line":404,"column":7}},"126":{"start":{"line":403,"column":8},"end":{"line":403,"column":53}},"127":{"start":{"line":406,"column":6},"end":{"line":408,"column":7}},"128":{"start":{"line":407,"column":8},"end":{"line":407,"column":53}},"129":{"start":{"line":422,"column":4},"end":{"line":422,"column":99}},"130":{"start":{"line":423,"column":4},"end":{"line":423,"column":96}},"131":{"start":{"line":425,"column":4},"end":{"line":425,"column":108}},"132":{"start":{"line":426,"column":4},"end":{"line":426,"column":98}},"133":{"start":{"line":427,"column":4},"end":{"line":427,"column":106}},"134":{"start":{"line":429,"column":4},"end":{"line":429,"column":56}},"135":{"start":{"line":432,"column":4},"end":{"line":452,"column":5}},"136":{"start":{"line":433,"column":6},"end":{"line":433,"column":61}},"137":{"start":{"line":434,"column":6},"end":{"line":434,"column":63}},"138":{"start":{"line":435,"column":6},"end":{"line":435,"column":69}},"139":{"start":{"line":436,"column":6},"end":{"line":436,"column":78}},"140":{"start":{"line":437,"column":6},"end":{"line":437,"column":91}},"141":{"start":{"line":439,"column":6},"end":{"line":439,"column":53}},"142":{"start":{"line":440,"column":6},"end":{"line":440,"column":51}},"143":{"start":{"line":443,"column":6},"end":{"line":443,"column":89}},"144":{"start":{"line":444,"column":6},"end":{"line":447,"column":7}},"145":{"start":{"line":445,"column":8},"end":{"line":445,"column":34}},"146":{"start":{"line":446,"column":8},"end":{"line":446,"column":33}},"147":{"start":{"line":449,"column":6},"end":{"line":451,"column":7}},"148":{"start":{"line":450,"column":8},"end":{"line":450,"column":68}},"149":{"start":{"line":455,"column":4},"end":{"line":458,"column":5}},"150":{"start":{"line":456,"column":6},"end":{"line":456,"column":42}},"151":{"start":{"line":457,"column":6},"end":{"line":457,"column":15}},"152":{"start":{"line":461,"column":4},"end":{"line":464,"column":5}},"153":{"start":{"line":462,"column":6},"end":{"line":462,"column":42}},"154":{"start":{"line":463,"column":6},"end":{"line":463,"column":15}},"155":{"start":{"line":467,"column":4},"end":{"line":470,"column":5}},"156":{"start":{"line":468,"column":6},"end":{"line":468,"column":42}},"157":{"start":{"line":469,"column":6},"end":{"line":469,"column":15}},"158":{"start":{"line":473,"column":4},"end":{"line":477,"column":5}},"159":{"start":{"line":475,"column":6},"end":{"line":475,"column":42}},"160":{"start":{"line":476,"column":6},"end":{"line":476,"column":15}},"161":{"start":{"line":480,"column":4},"end":{"line":483,"column":5}},"162":{"start":{"line":481,"column":6},"end":{"line":481,"column":44}},"163":{"start":{"line":482,"column":6},"end":{"line":482,"column":15}},"164":{"start":{"line":486,"column":4},"end":{"line":501,"column":5}},"165":{"start":{"line":487,"column":6},"end":{"line":494,"column":7}},"166":{"start":{"line":488,"column":8},"end":{"line":488,"column":30}},"167":{"start":{"line":489,"column":8},"end":{"line":489,"column":69}},"168":{"start":{"line":490,"column":8},"end":{"line":490,"column":17}},"169":{"start":{"line":491,"column":13},"end":{"line":494,"column":7}},"170":{"start":{"line":492,"column":8},"end":{"line":492,"column":45}},"171":{"start":{"line":493,"column":8},"end":{"line":493,"column":17}},"172":{"start":{"line":495,"column":11},"end":{"line":501,"column":5}},"173":{"start":{"line":496,"column":6},"end":{"line":500,"column":7}},"174":{"start":{"line":497,"column":8},"end":{"line":497,"column":28}},"175":{"start":{"line":498,"column":8},"end":{"line":498,"column":57}},"176":{"start":{"line":499,"column":8},"end":{"line":499,"column":17}},"177":{"start":{"line":504,"column":4},"end":{"line":507,"column":5}},"178":{"start":{"line":505,"column":6},"end":{"line":505,"column":69}},"179":{"start":{"line":506,"column":6},"end":{"line":506,"column":15}},"180":{"start":{"line":510,"column":4},"end":{"line":513,"column":5}},"181":{"start":{"line":511,"column":6},"end":{"line":511,"column":69}},"182":{"start":{"line":512,"column":6},"end":{"line":512,"column":15}},"183":{"start":{"line":517,"column":4},"end":{"line":520,"column":5}},"184":{"start":{"line":518,"column":6},"end":{"line":518,"column":69}},"185":{"start":{"line":519,"column":6},"end":{"line":519,"column":15}},"186":{"start":{"line":522,"column":4},"end":{"line":522,"column":10}},"187":{"start":{"line":525,"column":2},"end":{"line":525,"column":58}},"188":{"start":{"line":526,"column":2},"end":{"line":526,"column":27}},"189":{"start":{"line":528,"column":2},"end":{"line":528,"column":21}},"190":{"start":{"line":537,"column":0},"end":{"line":549,"column":2}},"191":{"start":{"line":538,"column":2},"end":{"line":538,"column":38}},"192":{"start":{"line":541,"column":2},"end":{"line":546,"column":3}},"193":{"start":{"line":542,"column":4},"end":{"line":545,"column":6}},"194":{"start":{"line":548,"column":2},"end":{"line":548,"column":18}},"195":{"start":{"line":557,"column":0},"end":{"line":569,"column":2}},"196":{"start":{"line":558,"column":2},"end":{"line":558,"column":42}},"197":{"start":{"line":561,"column":2},"end":{"line":566,"column":3}},"198":{"start":{"line":562,"column":4},"end":{"line":565,"column":6}},"199":{"start":{"line":568,"column":2},"end":{"line":568,"column":18}},"200":{"start":{"line":577,"column":0},"end":{"line":590,"column":2}},"201":{"start":{"line":578,"column":2},"end":{"line":578,"column":34}},"202":{"start":{"line":579,"column":2},"end":{"line":579,"column":38}},"203":{"start":{"line":581,"column":2},"end":{"line":589,"column":3}},"204":{"start":{"line":582,"column":4},"end":{"line":582,"column":25}},"205":{"start":{"line":583,"column":4},"end":{"line":583,"column":16}},"206":{"start":{"line":585,"column":4},"end":{"line":585,"column":17}},"207":{"start":{"line":587,"column":4},"end":{"line":587,"column":32}},"208":{"start":{"line":588,"column":4},"end":{"line":588,"column":36}},"209":{"start":{"line":598,"column":0},"end":{"line":611,"column":2}},"210":{"start":{"line":599,"column":2},"end":{"line":599,"column":34}},"211":{"start":{"line":600,"column":2},"end":{"line":600,"column":38}},"212":{"start":{"line":602,"column":2},"end":{"line":610,"column":3}},"213":{"start":{"line":603,"column":4},"end":{"line":603,"column":29}},"214":{"start":{"line":604,"column":4},"end":{"line":604,"column":16}},"215":{"start":{"line":606,"column":4},"end":{"line":606,"column":17}},"216":{"start":{"line":608,"column":4},"end":{"line":608,"column":32}},"217":{"start":{"line":609,"column":4},"end":{"line":609,"column":36}},"218":{"start":{"line":621,"column":0},"end":{"line":655,"column":2}},"219":{"start":{"line":622,"column":2},"end":{"line":622,"column":17}},"220":{"start":{"line":624,"column":2},"end":{"line":652,"column":3}},"221":{"start":{"line":625,"column":4},"end":{"line":637,"column":5}},"222":{"start":{"line":626,"column":6},"end":{"line":636,"column":7}},"223":{"start":{"line":627,"column":8},"end":{"line":627,"column":31}},"224":{"start":{"line":628,"column":8},"end":{"line":628,"column":25}},"225":{"start":{"line":631,"column":8},"end":{"line":633,"column":9}},"226":{"start":{"line":632,"column":10},"end":{"line":632,"column":28}},"227":{"start":{"line":635,"column":8},"end":{"line":635,"column":14}},"228":{"start":{"line":639,"column":4},"end":{"line":651,"column":5}},"229":{"start":{"line":640,"column":6},"end":{"line":650,"column":7}},"230":{"start":{"line":641,"column":8},"end":{"line":641,"column":31}},"231":{"start":{"line":642,"column":8},"end":{"line":642,"column":25}},"232":{"start":{"line":645,"column":8},"end":{"line":647,"column":9}},"233":{"start":{"line":646,"column":10},"end":{"line":646,"column":28}},"234":{"start":{"line":649,"column":8},"end":{"line":649,"column":14}},"235":{"start":{"line":654,"column":2},"end":{"line":654,"column":15}},"236":{"start":{"line":662,"column":0},"end":{"line":664,"column":2}},"237":{"start":{"line":663,"column":2},"end":{"line":663,"column":62}},"238":{"start":{"line":674,"column":0},"end":{"line":724,"column":2}},"239":{"start":{"line":675,"column":2},"end":{"line":675,"column":18}},"240":{"start":{"line":676,"column":2},"end":{"line":679,"colum
[...]
0":0,"723":0,"726":1}},"/home/travis/build/npmtest/node-npmtest-cron-parser/node_modules/cron-parser/lib/date.js":{"path":"/home/travis/build/npmtest/node-npmtest-cron-parser/node_modules/cron-parser/lib/date.js","s":{"1":1,"2":1,"3":0,"4":1,"5":0,"6":1,"7":0,"8":1,"9":0,"10":0,"11":0,"12":0,"13":1,"14":0,"15":0,"16":0,"17":0,"18":1,"19":0,"20":0,"21":0,"22":0,"23":1,"24":0,"25":1,"26":0,"27":1,"28":0,"29":1,"30":0,"31":0,"32":0,"33":0,"34":1,"35":0,"36":0,"37":0,"38":0,"39":1,"40":0,"41":0,"42":0,"43":0,"44":1,"45":0,"46":1,"47":0,"48":1,"49":0,"50":1,"51":0,"52":1,"53":0,"54":1,"55":0,"56":1,"57":0,"58":1,"59":0,"60":1,"61":0,"62":1,"63":0,"64":1,"65":0,"66":1,"67":0,"68":1,"69":0,"70":1,"71":0,"72":1,"73":0,"74":1,"75":0,"76":1,"77":0,"78":1,"79":0,"80":1,"81":0,"82":1,"83":0,"84":1,"85":0,"86":1,"87":0,"88":1,"89":0,"90":1,"91":0,"92":1,"93":0,"94":1,"95":0,"96":1,"97":0,"98":1,"99":0,"100":1,"101":0,"102":0,"103":0,"104":0,"105":0,"106":1},"b":{"1":[0,0],"2":[0,0],"3":[0,0],"4":[0,0],"5":[0,0],"6":[0,0],"7":[0,0],"8":[0,0]},"f":{"1":0,"2":0,"3":0,"4":0,"5":0,"6":0,"7":0,"8":0,"9":0,"10":0,"11":0,"12":0,"13":0,"14":0,"15":0,"16":0,"17":0,"18":0,"19":0,"20":0,"21":0,"22":0,"23":0,"24":0,"25":0,"26":0,"27":0,"28":0,"29":0,"30":0,"31":0,"32":0,"33":0,"34":0,"35":0,"36":0,"37":0,"38":0,"39":0,"40":0,"41":0},"fnMap":{"1":{"name":"(anonymous_1)","line":5,"loc":{"start":{"line":5,"column":29},"end":{"line":5,"column":40}}},"2":{"name":"(anonymous_2)","line":9,"loc":{"start":{"line":9,"column":30},"end":{"line":9,"column":41}}},"3":{"name":"(anonymous_3)","line":13,"loc":{"start":{"line":13,"column":28},"end":{"line":13,"column":39}}},"4":{"name":"(anonymous_4)","line":17,"loc":{"start":{"line":17,"column":29},"end":{"line":17,"column":40}}},"5":{"name":"(anonymous_5)","line":25,"loc":{"start":{"line":25,"column":31},"end":{"line":25,"column":42}}},"6":{"name":"(anonymous_6)","line":33,"loc":{"start":{"line":33,"column":31},"end":{"line":33,"column":42}}},"7":{"name":"(anonymous_7)","line":41,"loc":{"start":{"line":41,"column":34},"end":{"line":41,"column":45}}},"8":{"name":"(anonymous_8)","line":45,"loc":{"start":{"line":45,"column":35},"end":{"line":45,"column":46}}},"9":{"name":"(anonymous_9)","line":49,"loc":{"start":{"line":49,"column":33},"end":{"line":49,"column":44}}},"10":{"name":"(anonymous_10)","line":53,"loc":{"start":{"line":53,"column":34},"end":{"line":53,"column":45}}},"11":{"name":"(anonymous_11)","line":61,"loc":{"start":{"line":61,"column":36},"end":{"line":61,"column":47}}},"12":{"name":"(anonymous_12)","line":69,"loc":{"start":{"line":69,"column":36},"end":{"line":69,"column":47}}},"13":{"name":"(anonymous_13)","line":77,"loc":{"start":{"line":77,"column":29},"end":{"line":77,"column":40}}},"14":{"name":"(anonymous_14)","line":81,"loc":{"start":{"line":81,"column":33},"end":{"line":81,"column":44}}},"15":{"name":"(anonymous_15)","line":85,"loc":{"start":{"line":85,"column":28},"end":{"line":85,"column":39}}},"16":{"name":"(anonymous_16)","line":89,"loc":{"start":{"line":89,"column":30},"end":{"line":89,"column":41}}},"17":{"name":"(anonymous_17)","line":93,"loc":{"start":{"line":93,"column":30},"end":{"line":93,"column":41}}},"18":{"name":"(anonymous_18)","line":97,"loc":{"start":{"line":97,"column":32},"end":{"line":97,"column":43}}},"19":{"name":"(anonymous_19)","line":101,"loc":{"start":{"line":101,"column":32},"end":{"line":101,"column":43}}},"20":{"name":"(anonymous_20)","line":105,"loc":{"start":{"line":105,"column":29},"end":{"line":105,"column":40}}},"21":{"name":"(anonymous_21)","line":109,"loc":{"start":{"line":109,"column":32},"end":{"line":109,"column":43}}},"22":{"name":"(anonymous_22)","line":113,"loc":{"start":{"line":113,"column":36},"end":{"line":113,"column":47}}},"23":{"name":"(anonymous_23)","line":117,"loc":{"start":{"line":117,"column":31},"end":{"line":117,"column":42}}},"24":{"name":"(anonymous_24)","line":121,"loc":{"start":{"line":121,"column":33},"end":{"line":121,"column":44}}},"25":{"name":"(anonymous_25)","line":125,"loc":{"start":{"line":125,"column":33},"end":{"line":125,"column":44}}},"26":{"name":"(anonymous_26)","line":129,"loc":{"start":{"line":129,"column":35},"end":{"line":129,"column":46}}},"27":{"name":"(anonymous_27)","line":133,"loc":{"start":{"line":133,"column":35},"end":{"line":133,"column":46}}},"28":{"name":"(anonymous_28)","line":137,"loc":{"start":{"line":137,"column":33},"end":{"line":137,"column":44}}},"29":{"name":"(anonymous_29)","line":141,"loc":{"start":{"line":141,"column":28},"end":{"line":141,"column":39}}},"30":{"name":"(anonymous_30)","line":145,"loc":{"start":{"line":145,"column":29},"end":{"line":145,"column":41}}},"31":{"name":"(anonymous_31)","line":149,"loc":{"start":{"line":149,"column":33},"end":{"line":149,"column":45}}},"32":{"name":"(anonymous_32)","line":153,"loc":{"start":{"line":153,"column":28},"end":{"line":153,"column":40}}},"33":{"name":"(anonymous_33)","line":157,"loc":{"start":{"line":157,"column":30},"end":{"line":157,"column":42}}},"34":{"name":"(anonymous_34)","line":161,"loc":{"start":{"line":161,"column":30},"end":{"line":161,"column":42}}},"35":{"name":"(anonymous_35)","line":165,"loc":{"start":{"line":165,"column":32},"end":{"line":165,"column":44}}},"36":{"name":"(anonymous_36)","line":169,"loc":{"start":{"line":169,"column":32},"end":{"line":169,"column":44}}},"37":{"name":"(anonymous_37)","line":173,"loc":{"start":{"line":173,"column":29},"end":{"line":173,"column":40}}},"38":{"name":"(anonymous_38)","line":177,"loc":{"start":{"line":177,"column":29},"end":{"line":177,"column":40}}},"39":{"name":"(anonymous_39)","line":181,"loc":{"start":{"line":181,"column":30},"end":{"line":181,"column":41}}},"40":{"name":"(anonymous_40)","line":185,"loc":{"start":{"line":185,"column":28},"end":{"line":185,"column":39}}},"41":{"name":"CronDate","line":189,"loc":{"start":{"line":189,"column":0},"end":{"line":189,"column":34}}}},"statementMap":{"1":{"start":{"line":3,"column":0},"end":{"line":3,"column":40}},"2":{"start":{"line":5,"column":0},"end":{"line":7,"column":2}},"3":{"start":{"line":6,"column":2},"end":{"line":6,"column":28}},"4":{"start":{"line":9,"column":0},"end":{"line":11,"column":2}},"5":{"start":{"line":10,"column":2},"end":{"line":10,"column":46}},"6":{"start":{"line":13,"column":0},"end":{"line":15,"column":2}},"7":{"start":{"line":14,"column":2},"end":{"line":14,"column":42}},"8":{"start":{"line":17,"column":0},"end":{"line":23,"column":2}},"9":{"start":{"line":18,"column":2},"end":{"line":18,"column":28}},"10":{"start":{"line":19,"column":2},"end":{"line":19,"column":44}},"11":{"start":{"line":20,"column":2},"end":{"line":22,"column":3}},"12":{"start":{"line":21,"column":4},"end":{"line":21,"column":30}},"13":{"start":{"line":25,"column":0},"end":{"line":31,"column":2}},"14":{"start":{"line":26,"column":2},"end":{"line":26,"column":28}},"15":{"start":{"line":27,"column":2},"end":{"line":27,"column":48}},"16":{"start":{"line":28,"column":2},"end":{"line":30,"column":3}},"17":{"start":{"line":29,"column":4},"end":{"line":29,"column":30}},"18":{"start":{"line":33,"column":0},"end":{"line":39,"column":2}},"19":{"start":{"line":34,"column":2},"end":{"line":34,"column":28}},"20":{"start":{"line":35,"column":2},"end":{"line":35,"column":48}},"21":{"start":{"line":36,"column":2},"end":{"line":38,"column":3}},"22":{"start":{"line":37,"column":4},"end":{"line":37,"column":30}},"23":{"start":{"line":41,"column":0},"end":{"line":43,"column":2}},"24":{"start":{"line":42,"column":2},"end":{"line":42,"column":33}},"25":{"start":{"line":45,"column":0},"end":{"line":47,"column":2}},"26":{"start":{"line":46,"column":2},"end":{"line":46,"column":49}},"27":{"start":{"line":49,"column":0},"end":{"line":51,"column":2}},"28":{"start":{"line":50,"column":2},"end":{"line":50,"column":45}},"29":{"start":{"line":53,"column":0},"end":{"line":59,"column":2}},"30":{"start":{"line":54,"column":2},"end":{"line":54,"column":28}},"31":{"start":{"line":55,"column":2},"end":{"line":55,"column":47}},"32":{"start":{"line":56,"column":2},"end":{"line":58,"column":3}},"33":{"start":{"line":57,"column":4},"end":{"line":57,"column":35}},"34":{"start":{"line":61,"column":0},"end":{"line":67,"column":2}},"35":{"start":{"line":62,"column":2},"end":{"line":62,"column":28}},"36":{"start":{"line":63,"column":2},"end":{"line":63,"column":51}},"37":{"start":{"line":64,"column":2},"end":{"line":66,"column":3}},"38":{"start":{"line":65,"column":4},"end":{"line":65,"column":35}},"39":{"start":{"line":69,"column":0},"end":{"line":75,"column":2}},"40":{"start":{"line":70,"column":2},"end":{"line":70,"column":28}},"41":{"start":{"line":71,"column":2},"end":{"line":71,"column":53}},"42":{"start":{"line":72,"column":2},"end":{"line":74,"column":3}},"43":{"start":{"line":73,"column":4},"end":{"line":73,"column":35}},"44":{"start":{"line":77,"column":0},"end":{"line":79,"column":2}},"45":{"start":{"line":78,"column":2},"end":{"line":78,"column":27}},"46":{"start":{"line":81,"column":0},"end":{"line":83,"column":2}},"47":{"start":{"line":82,"column":2},"end":{"line":82,"column":27}},"48":{"start":{"line":85,"column":0},"end":{"line":87,"column":2}},"49":{"start":{"line":86,"column":2},"end":{"line":86,"column":26}},"50":{"start":{"line":89,"column":0},"end":{"line":91,"column":2}},"51":{"start":{"line":90,"column":2},"end":{"line":90,"column":28}},"52":{"start":{"line":93,"column":0},"end":{"line":95,"column":2}},"53":{"start":{"line":94,"column":2},"end":{"line":94,"column":28}},"54":{"start":{"line":97,"column":0},"end":{"line":99,"column":2}},"55":{"start":{"line":98,"column":2},"end":{"line":98,"column":29}},"56":{"start":{"line":101,"column":0},"end":{"line":103,"column":2}},"57":{"start":{"line":102,"column":2},"end":{"line":102,"column":29}},"58":{"start":{"line":105,"column":0},"end":{"line":107,"column":2}},"59":{"start":{"line":106,"column":2},"end":{"line":106,"column":30}},"60":{"start":{"line":109,"column":0},"end":{"line":111,"column":2}},"61":{"start":{"line":110,"column":2},"end":{"line":110,"column":31}},"62":{"start":{"line":113,"column":0},"end":{"line":115,"column":2}},"63":{"start":{"line":114,"column":2},"end":{"line":114,"column":31}},"64":{"start":{"line":117,"column":0},"end":{"line":119,"column":2}},"65":{"start":{"line":118,"column":2},"end":{"line":118,"column":30}},"66":{"start":{"line":121,"column":0},"end":{"line":123,"column":2}},"67":{"start":{"line":122,"column":2},"end":{"line":122,"column":32}},"68":{"start":{"line":125,"column":0},"end":{"line":127,"column":2}},"69":{"start":{"line":126,"column":2},"end":{"line":126,"column":32}},"70":{"start":{"line":129,"column":0},"end":{"line":131,"column":2}},"71":{"start":{"line":130,"column":2},"end":{"line":130,"column":33}},"72":{"start":{"line":133,"column":0},"end":{"line":135,"column":2}},"73":{"start":{"line":134,"column":2},"end":{"line":134,"column":33}},"74":{"start":{"line":137,"column":0},"end":{"line":139,"column":2}},"75":{"start":{"line":138,"column":2},"end":{"line":138,"column":34}},"76":{"start":{"line":141,"column":0},"end":{"line":143,"column":2}},"77":{"start":{"line":142,"column":2},"end":{"line":142,"column":29}},"78":{"start":{"line":145,"column":0},"end":{"line":147,"column":2}},"79":{"start":{"line":146,"column":2},"end":{"line":146,"column":28}},"80":{"start":{"line":149,"column":0},"end":{"line":151,"column":2}},"81":{"start":{"line":150,"column":2},"end":{"line":150,"column":28}},"82":{"start":{"line":153,"column":0},"end":{"line":155,"column":2}},"83":{"start":{"line":154,"column":2},"end":{"line":154,"column":27}},"84":{"start":{"line":157,"column":0},"end":{"line":159,"column":2}},"85":{"start":{"line":158,"column":2},"end":{"line":158,"column":29}},"86":{"start":{"line":161,"column":0},"end":{"line":163,"column":2}},"87":{"start":{"line":162,"column":2},"end":{"line":162,"column":28}},"88":{"start":{"line":165,"column":0},"end":{"line":167,"column":2}},"89":{"start":{"line":166,"column":2},"end":{"line":166,"column":30}},"90":{"start":{"line":169,"column":0},"end":{"line":171,"column":2}},"91":{"start":{"line":170,"column":2},"end":{"line":170,"column":30}},"92":{"start":{"line":173,"column":0},"end":{"line":175,"column":2}},"93":{"start":{"line":174,"column":2},"end":{"line":174,"column":30}},"94":{"start":{"line":177,"column":0},"end":{"line":179,"column":2}},"95":{"start":{"line":178,"column":2},"end":{"line":178,"column":32}},"96":{"start":{"line":181,"column":0},"end":{"line":183,"column":2}},"97":{"start":{"line":182,"column":2},"end":{"line":182,"column":31}},"98":{"start":{"line":185,"column":0},"end":{"line":187,"column":2}},"99":{"start":{"line":186,"column":2},"end":{"line":186,"column":29}},"100":{"start":{"line":189,"column":0},"end":{"line":199,"column":1}},"101":{"start":{"line":190,"column":2},"end":{"line":192,"column":3}},"102":{"start":{"line":191,"column":4},"end":{"line":191,"column":32}},"103":{"start":{"line":194,"column":2},"end":{"line":198,"column":3}},"104":{"start":{"line":195,"column":4},"end":{"line":195,"column":35}},"105":{"start":{"line":197,"column":4},"end":{"line":197,"column":42}},"106":{"start":{"line":201,"column":0},"end":{"line":201,"column":26}}},"branchMap":{"1":{"line":20,"type":"if","locations":[{"start":{"line":20,"column":2},"end":{"line":20,"column":2}},{"start":{"line":20,"column":2},"end":{"line":20,"column":2}}]},"2":{"line":28,"type":"if","locations":[{"start":{"line":28,"column":2},"end":{"line":28,"column":2}},{"start":{"line":28,"column":2},"end":{"line":28,"column":2}}]},"3":{"line":36,"type":"if","locations":[{"start":{"line":36,"column":2},"end":{"line":36,"column":2}},{"start":{"line":36,"column":2},"end":{"line":36,"column":2}}]},"4":{"line":56,"type":"if","locations":[{"start":{"line":56,"column":2},"end":{"line":56,"column":2}},{"start":{"line":56,"column":2},"end":{"line":56,"column":2}}]},"5":{"line":64,"type":"if","locations":[{"start":{"line":64,"column":2},"end":{"line":64,"column":2}},{"start":{"line":64,"column":2},"end":{"line":64,"column":2}}]},"6":{"line":72,"type":"if","locations":[{"start":{"line":72,"column":2},"end":{"line":72,"column":2}},{"start":{"line":72,"column":2},"end":{"line":72,"column":2}}]},"7":{"line":190,"type":"if","locations":[{"start":{"line":190,"column":2},"end":{"line":190,"column":2}},{"start":{"line":190,"column":2},"end":{"line":190,"column":2}}]},"8":{"line":194,"type":"if","locations":[{"start":{"line":194,"column":2},"end":{"line":194,"column":2}},{"start":{"line":194,"column":2},"end":{"line":194,"column":2}}]}},"code":["'use strict';","","var moment = require('moment-timezone');","","CronDate.prototype.addYear = function() {","  this._date.add(1, 'year');","};","","CronDate.prototype.addMonth = function() {","  this._date.add(1, 'month').startOf('month');","};","","CronDate.prototype.addDay = function() {","  this._date.add(1, 'day').startOf('day');","};","","CronDate.prototype.addHour = function() {","  var prev = this.getTime();","  this._date.add(1, 'hour').startOf('hour');","  if (this.getTime() <= prev) {","    this._date.add(1, 'hour');","  }","};","","CronDate.prototype.addMinute = function() {","  var prev = this.getTime();","  this._date.add(1, 'minute').startOf('minute');","  if (this.getTime() < prev) {","    this._date.add(1, 'hour');","  }","};","","CronDate.prototype.addSecond = function() {","  var prev = this.getTime();","  this._date.add(1, 'second').startOf('second');","  if (this.getTime() < prev) {","    this._date.add(1, 'hour');","  }","};","","CronDate.prototype.subtractYear = function() {","  this._date.subtract(1, 'year');","};","","CronDate.prototype.subtractMonth = function() {","  this._date.subtract(1, 'month').endOf('month');","};","","CronDate.prototype.subtractDay = function() {","  this._date.subtract(1, 'day').endOf('day');","};","","CronDate.prototype.subtractHour = function() {","  var prev = this.getTime();","  this._date.subtract(1, 'hour').endOf('hour');","  if (this.getTime() >= prev) {","    this._date.subtract(1, 'hour');","  }","};","","CronDate.prototype.subtractMinute = function() {","  var prev = this.getTime();","  this._date.subtract(1, 'minute').endOf('minute');","  if (this.getTime() > prev) {","    this._date.subtract(1, 'hour');","  }","};","","CronDate.prototype.subtractSecond = function() {","  var prev = this.getTime();","  this._date.subtract(1, 'second').startOf('second');","  if (this.getTime() > prev) {","    this._date.subtract(1, 'hour');","  }","};","","CronDate.prototype.getDate = function() {","  return this._date.date();","};","","CronDate.prototype.getFullYear = function() {","  return this._date.year();","};","","CronDate.prototype.getDay = function() {","  return this._date.day();","};","","CronDate.prototype.getMonth = function() {","  return this._date.month();","};","","CronDate.prototype.getHours = function() {","  return this._date.hours();","};","","CronDate.prototype.getMinutes = function() {","  return this._date.minute();","};","","CronDate.prototype.getSeconds = function() {","  return this._date.second();","};","","CronDate.prototype.getTime = function() {","  return this._date.valueOf();","};","","CronDate.prototype.getUTCDate = function() {","  return this._getUTC().date();","};","","CronDate.prototype.getUTCFullYear = function() {","  return this._getUTC().year();","};","","CronDate.prototype.getUTCDay = function() {","  return this._getUTC().day();","};","","CronDate.prototype.getUTCMonth = function() {","  return this._getUTC().month();","};","","CronDate.prototype.getUTCHours = function() {","  return this._getUTC().hours();","};","","CronDate.prototype.getUTCMinutes = function() {","  return this._getUTC().minute();","};","","CronDate.prototype.getUTCSeconds = function() {","  return this._getUTC().second();","};","","CronDate.prototype.toISOString = function() {","  return this._date.toISOString();","};","","CronDate.prototype.toJSON = function() {","  return this._date.toJSON();","};","","CronDate.prototype.setDate = function(d) {","  return this._date.date(d);","};","","CronDate.prototype.setFullYear = function(y) {","  return this._date.year(y);","};","","CronDate.prototype.setDay = function(d) {","  return this._date.day(d);","};","","CronDate.prototype.setMonth = function(m) {","  return this._date.month(m);","};","","CronDate.prototype.setHours = function(h) {","  return this._date.hour(h);","};","","CronDate.prototype.setMinutes = function(m) {","  return this._date.minute(m);","};","","CronDate.prototype.setSeconds = function(s) {","  return this._date.second(s);","};","","CronDate.prototype.getTime = function() {","  return this._date.valueOf();","};","","CronDate.prototype._getUTC = function() {","  return moment.utc(this._date);","};","","CronDate.prototype.toString = function() {","  return this._date.toString();","};","","CronDate.prototype.toDate = function() {","  return this._date.toDate();","};","","function CronDate (timestamp, tz) {","  if (timestamp instanceof CronDate) {","    timestamp = timestamp._date;","  }","","  if (!tz) {","    this._date = moment(timestamp);","  } else {","    this._date = moment.tz(timestamp, tz);","  }","}","","module.exports = CronDate;",""],"l":{"3":1,"5":1,"6":0,"9":1,"10":0,"13":1,"14":0,"17":1,"18":0,"19":0,"20":0,"21":0,"25":1,"26":0,"27":0,"28":0,"29":0,"33":1,"34":0,"35":0,"36":0,"37":0,"41":1,"42":0,"45":1,"46":0,"49":1,"50":0,"53":1,"54":0,"55":0,"56":0,"57":0,"61":1,"62":0,"63":0,"64":0,"65":0,"69":1,"70":0,"71":0,"72":0,"73":0,"77":1,"78":0,"81":1,"82":0,"85":1,"86":0,"89":1,"90":0,"93":1,"94":0,"97":1,"98":0,"101":1,"102":0,"105":1,"106":0,"109":1,"110":0,"113":1,"114":0,"117":1,"118":0,"121":1,"122":0,"125":1,"126":0,"129":1,"130":0,"133":1,"134":0,"137":1,"138":0,"141":1,"142":0,"145":1,"146":0,"149":1,"150":0,"153":1,"154":0,"157":1,"158":0,"161":1,"162":0,"165":1,"166":0,"169":1,"170":0,"173":1,"174":0,"177":1,"178":0,"181":1,"182":0,"185":1,"186":0,"189":1,"190":0,"191":0,"194":0,"195":0,"197":0,"201":1}}}